ARM GAS  /cygdrive/c/DOCUME~1/mkwapisz/LOCALS~1/Temp/ccdM66FX.s 			page 1


   1              		.code	16
   2              		.file	"LCD.c"
   3              		.section	.debug_abbrev,"",%progbits
   4              	.Ldebug_abbrev0:
   5              		.section	.debug_info,"",%progbits
   6              	.Ldebug_info0:
   7              		.section	.debug_line,"",%progbits
   8              	.Ldebug_line0:
   9 0000 F4000000 		.text
   9      02005000 
   9      00000201 
   9      FB0E0D00 
   9      01010101 
  10              	.Ltext0:
  11              		.align	2
  12              		.code 16
  13              		.thumb_func
  14              		.type	delay37us, %function
  15              	delay37us:
  16              	.LFB3:
  17              		.file 1 "LCD.c"
   1:LCD.c         **** #include "../pre_emptive_os/api/osapi.h"
   2:LCD.c         **** #include "../pre_emptive_os/api/general.h"
   3:LCD.c         **** #include <printf_P.h>
   4:LCD.c         **** #include <lpc2xxx.h>
   5:LCD.c         **** #include <consol.h>
   6:LCD.c         **** 
   7:LCD.c         **** #define LCD_DATA      0x00ff0000  //P1.16-P1.23
   8:LCD.c         **** #define LCD_E         0x02000000  //P1.25
   9:LCD.c         **** #define LCD_RW        0x00400000  //P0.22
  10:LCD.c         **** #define LCD_RS        0x01000000  //P1.24
  11:LCD.c         **** #define LCD_BACKLIGHT 0x40000000  //P0.30
  12:LCD.c         **** 
  13:LCD.c         **** extern int timerCnt;
  14:LCD.c         **** extern int lifes;
  15:LCD.c         **** extern int showResult;
  16:LCD.c         **** 
  17:LCD.c         **** static void
  18:LCD.c         **** initLCD(void)
  19:LCD.c         **** {
  20:LCD.c         **** 	IODIR1 |= (LCD_DATA | LCD_E | LCD_RS);
  21:LCD.c         **** 	IOCLR1  = (LCD_DATA | LCD_E | LCD_RS);
  22:LCD.c         **** 
  23:LCD.c         **** 	IODIR0 |= LCD_RW;
  24:LCD.c         **** 	IOCLR0  = LCD_RW;
  25:LCD.c         **** 	
  26:LCD.c         ****   IODIR0 |= LCD_BACKLIGHT;
  27:LCD.c         ****   IOCLR0  = LCD_BACKLIGHT;
  28:LCD.c         **** }
  29:LCD.c         **** 
  30:LCD.c         **** static void
  31:LCD.c         **** delay37us(void)
  32:LCD.c         **** {
  18              		.loc 1 32 0
  19 0000 81B0     		sub	sp, sp, #4
  20              	.LCFI0:
  33:LCD.c         **** 	volatile tU32 i;
ARM GAS  /cygdrive/c/DOCUME~1/mkwapisz/LOCALS~1/Temp/ccdM66FX.s 			page 2


  34:LCD.c         **** 
  35:LCD.c         **** //Temp test for 140 uS delay
  36:LCD.c         **** 	for(i=0; i<6*2500; i++)
  21              		.loc 1 36 0
  22 0002 0023     		mov	r3, #0
  23              		.loc 1 32 0
  24              		@ lr needed for prologue
  25 0004 02E0     		b	.L6
  26              	.LVL0:
  27              	.L3:
  37:LCD.c         ****     asm volatile (" nop"); //delay 15 ns x 2500 = about 37 us delay
  28              		.loc 1 37 0
  29 0006 C046     		 nop
  30              		.loc 1 36 0
  31              		.code	16
  32 0008 009B     		ldr	r3, [sp]
  33 000a 0133     		add	r3, r3, #1
  34              	.L6:
  35 000c 0093     		str	r3, [sp]
  36 000e 009A     		ldr	r2, [sp]
  37 0010 024B     		ldr	r3, .L7
  38 0012 9A42     		cmp	r2, r3
  39 0014 F7D9     		bls	.L3
  38:LCD.c         **** }
  40              		.loc 1 38 0
  41 0016 01B0     		add	sp, sp, #4
  42              		@ sp needed for prologue
  43 0018 7047     		bx	lr
  44              	.L8:
  45 001a 0000     		.align	2
  46              	.L7:
  47 001c 973A0000 		.word	14999
  48              	.LFE3:
  49              		.size	delay37us, .-delay37us
  50              		.align	2
  51              		.code 16
  52              		.thumb_func
  53              		.type	writeLCD, %function
  54              	writeLCD:
  55              	.LFB4:
  39:LCD.c         **** 
  40:LCD.c         **** static void
  41:LCD.c         **** writeLCD(tU8 reg, tU8 data)
  42:LCD.c         **** {
  56              		.loc 1 42 0
  57              	.LVL1:
  58 0020 0906     		lsl	r1, r1, #24
  59              	.LVL2:
  60 0022 0006     		lsl	r0, r0, #24
  61              	.LVL3:
  62 0024 81B0     		sub	sp, sp, #4
  63              	.LCFI1:
  64              		@ lr needed for prologue
  65              		.loc 1 42 0
  66 0026 090E     		lsr	r1, r1, #24
  67              	.LVL4:
  43:LCD.c         **** 	volatile tU8 i;
ARM GAS  /cygdrive/c/DOCUME~1/mkwapisz/LOCALS~1/Temp/ccdM66FX.s 			page 3


  44:LCD.c         **** 
  45:LCD.c         **** 	if (reg == 0)
  68              		.loc 1 45 0
  69 0028 0028     		cmp	r0, #0
  70 002a 03D1     		bne	.L10
  46:LCD.c         **** 	  IOCLR1 = LCD_RS;
  71              		.loc 1 46 0
  72 002c 8023     		mov	r3, #128
  73 002e 1D4A     		ldr	r2, .L21
  74 0030 5B04     		lsl	r3, r3, #17
  75 0032 02E0     		b	.L20
  76              	.L10:
  47:LCD.c         **** 	else
  48:LCD.c         **** 	  IOSET1 = LCD_RS;
  77              		.loc 1 48 0
  78 0034 8023     		mov	r3, #128
  79 0036 1C4A     		ldr	r2, .L21+4
  80 0038 5B04     		lsl	r3, r3, #17
  81              	.L20:
  82 003a 1360     		str	r3, [r2]
  49:LCD.c         **** 	  
  50:LCD.c         ****   IOCLR0 = LCD_RW;
  83              		.loc 1 50 0
  84 003c 1B4A     		ldr	r2, .L21+8
  85 003e 8023     		mov	r3, #128
  86 0040 DB03     		lsl	r3, r3, #15
  87 0042 1360     		str	r3, [r2]
  51:LCD.c         **** 	IOCLR1 = LCD_DATA;
  88              		.loc 1 51 0
  89 0044 174B     		ldr	r3, .L21
  90 0046 FF22     		mov	r2, #255
  91 0048 1204     		lsl	r2, r2, #16
  92 004a 1A60     		str	r2, [r3]
  52:LCD.c         **** 	IOSET1 = ((tU32)data << 16) & LCD_DATA;
  93              		.loc 1 52 0
  94 004c 0B04     		lsl	r3, r1, #16
  95 004e 1340     		and	r3, r3, r2
  96 0050 154A     		ldr	r2, .L21+4
  97 0052 1360     		str	r3, [r2]
  53:LCD.c         **** 	
  54:LCD.c         **** 	IOSET1 = LCD_E;
  98              		.loc 1 54 0
  99 0054 8023     		mov	r3, #128
 100 0056 9B04     		lsl	r3, r3, #18
 101 0058 1360     		str	r3, [r2]
  55:LCD.c         **** 	for(i=0; i<16; i++)
 102              		.loc 1 55 0
 103 005a 6B46     		mov	r3, sp
 104 005c 0022     		mov	r2, #0
 105 005e 0333     		add	r3, r3, #3
 106 0060 1A70     		strb	r2, [r3]
 107              	.LVL5:
 108 0062 05E0     		b	.L13
 109              	.LVL6:
 110              	.L14:
  56:LCD.c         ****     asm volatile (" nop"); //delay 15 ns x 16 = about 250 ns delay
 111              		.loc 1 56 0
ARM GAS  /cygdrive/c/DOCUME~1/mkwapisz/LOCALS~1/Temp/ccdM66FX.s 			page 4


 112 0064 C046     		 nop
 113              		.loc 1 55 0
 114              		.code	16
 115 0066 0B78     		ldrb	r3, [r1]
 116 0068 0133     		add	r3, r3, #1
 117              	.LVL7:
 118 006a 1B06     		lsl	r3, r3, #24
 119 006c 1B0E     		lsr	r3, r3, #24
 120 006e 0B70     		strb	r3, [r1]
 121              	.LVL8:
 122              	.L13:
 123 0070 6946     		mov	r1, sp
 124              	.LVL9:
 125 0072 0331     		add	r1, r1, #3
 126 0074 0B78     		ldrb	r3, [r1]
 127 0076 0F2B     		cmp	r3, #15
 128 0078 F4D9     		bls	.L14
 129              	.LVL10:
  57:LCD.c         **** 	IOCLR1 = LCD_E;
 130              		.loc 1 57 0
 131 007a 8023     		mov	r3, #128
 132              	.LVL11:
 133 007c 094A     		ldr	r2, .L21
 134 007e 9B04     		lsl	r3, r3, #18
 135 0080 1360     		str	r3, [r2]
  58:LCD.c         **** 	for(i=0; i<16; i++)
 136              		.loc 1 58 0
 137 0082 0023     		mov	r3, #0
 138 0084 0B70     		strb	r3, [r1]
 139 0086 05E0     		b	.L16
 140              	.LVL12:
 141              	.L17:
  59:LCD.c         ****     asm volatile (" nop"); //delay 15 ns x 16 = about 250 ns delay
 142              		.loc 1 59 0
 143 0088 C046     		 nop
 144              		.loc 1 58 0
 145              		.code	16
 146 008a 1378     		ldrb	r3, [r2]
 147 008c 0133     		add	r3, r3, #1
 148              	.LVL13:
 149 008e 1B06     		lsl	r3, r3, #24
 150 0090 1B0E     		lsr	r3, r3, #24
 151 0092 1370     		strb	r3, [r2]
 152              	.LVL14:
 153              	.L16:
 154 0094 6A46     		mov	r2, sp
 155 0096 0332     		add	r2, r2, #3
 156 0098 1378     		ldrb	r3, [r2]
 157 009a 0F2B     		cmp	r3, #15
 158 009c F4D9     		bls	.L17
 159              	.LVL15:
  60:LCD.c         **** }
 160              		.loc 1 60 0
 161 009e 01B0     		add	sp, sp, #4
 162              		@ sp needed for prologue
 163 00a0 7047     		bx	lr
 164              	.L22:
ARM GAS  /cygdrive/c/DOCUME~1/mkwapisz/LOCALS~1/Temp/ccdM66FX.s 			page 5


 165 00a2 0000     		.align	2
 166              	.L21:
 167 00a4 1C8002E0 		.word	-536707044
 168 00a8 148002E0 		.word	-536707052
 169 00ac 0C8002E0 		.word	-536707060
 170              	.LFE4:
 171              		.size	writeLCD, .-writeLCD
 172              		.align	2
 173              		.global	writeString
 174              		.code 16
 175              		.thumb_func
 176              		.type	writeString, %function
 177              	writeString:
 178              	.LFB6:
  61:LCD.c         **** 
  62:LCD.c         **** static void
  63:LCD.c         **** lcdBacklight(tU8 onOff)
  64:LCD.c         **** {
  65:LCD.c         **** 	if (onOff == TRUE)
  66:LCD.c         **** 	  IOSET0 = LCD_BACKLIGHT;
  67:LCD.c         **** 	else
  68:LCD.c         **** 	  IOCLR0 = LCD_BACKLIGHT;
  69:LCD.c         **** }
  70:LCD.c         **** 
  71:LCD.c         **** void writeString(char *caption)
  72:LCD.c         **** {
 179              		.loc 1 72 0
 180 00b0 10B5     		push	{r4, lr}
 181              	.LCFI2:
 182              	.LVL16:
 183              		.loc 1 72 0
 184 00b2 041C     		mov	r4, r0
 185 00b4 04E0     		b	.L24
 186              	.L25:
  73:LCD.c         **** 	int i = 0;
  74:LCD.c         **** 
  75:LCD.c         **** 	for (i = 0; caption[i] != '\0'; i += 1)
  76:LCD.c         **** 	{
  77:LCD.c         **** 
  78:LCD.c         **** 		writeLCD(1, caption[i]);
 187              		.loc 1 78 0
 188 00b6 0120     		mov	r0, #1
 189              	.LVL17:
 190 00b8 FFF7B2FF 		bl	writeLCD
  79:LCD.c         **** 		delay37us();
 191              		.loc 1 79 0
 192 00bc FFF7A0FF 		bl	delay37us
 193              	.LVL18:
 194              	.L24:
 195              		.loc 1 75 0
 196 00c0 2178     		ldrb	r1, [r4]
 197 00c2 0134     		add	r4, r4, #1
 198 00c4 0029     		cmp	r1, #0
 199 00c6 F6D1     		bne	.L25
  80:LCD.c         **** 	}
  81:LCD.c         **** }
 200              		.loc 1 81 0
ARM GAS  /cygdrive/c/DOCUME~1/mkwapisz/LOCALS~1/Temp/ccdM66FX.s 			page 6


 201              		@ sp needed for prologue
 202 00c8 10BC     		pop	{r4}
 203 00ca 01BC     		pop	{r0}
 204 00cc 0047     		bx	r0
 205              	.LFE6:
 206              		.size	writeString, .-writeString
 207              		.section	.rodata.str1.4,"aMS",%progbits,1
 208              		.align	2
 209              	.LC0:
 210 0000 3000     		.ascii	"0\000"
 211              		.global	__modsi3
 212              		.global	__divsi3
 213              		.text
 214 00ce 0000     		.align	2
 215              		.global	writeInt
 216              		.code 16
 217              		.thumb_func
 218              		.type	writeInt, %function
 219              	writeInt:
 220              	.LFB7:
  82:LCD.c         **** 
  83:LCD.c         **** void writeInt(int number)
  84:LCD.c         **** {
 221              		.loc 1 84 0
 222 00d0 F0B5     		push	{r4, r5, r6, r7, lr}
 223              	.LCFI3:
 224              	.LVL19:
 225 00d2 8CB0     		sub	sp, sp, #48
 226              	.LCFI4:
 227              		.loc 1 84 0
 228 00d4 0090     		str	r0, [sp]
  85:LCD.c         **** 	if(number == 0)
 229              		.loc 1 85 0
 230 00d6 0028     		cmp	r0, #0
 231 00d8 01D1     		bne	.L29
  86:LCD.c         **** 	{
  87:LCD.c         **** 		writeString("0");
 232              		.loc 1 87 0
 233 00da 2848     		ldr	r0, .L43
 234              	.LVL20:
 235 00dc 48E0     		b	.L42
 236              	.LVL21:
 237              	.L29:
  88:LCD.c         **** 		return ;
  89:LCD.c         **** 	}
  90:LCD.c         **** 	char caption[20], tmp[20];
  91:LCD.c         **** 
  92:LCD.c         **** 	int divisor = 10, counter = 0;
  93:LCD.c         **** 	int prevModulo = -1;
  94:LCD.c         **** 	int modulo = number % divisor;
 238              		.loc 1 94 0
 239 00de 0098     		ldr	r0, [sp]
 240 00e0 0A21     		mov	r1, #10
 241 00e2 FFF7FEFF 		bl	__modsi3
 242              	.LVL22:
 243              	.LVL23:
  95:LCD.c         **** 	tmp[counter] = (char)(modulo + '0');
ARM GAS  /cygdrive/c/DOCUME~1/mkwapisz/LOCALS~1/Temp/ccdM66FX.s 			page 7


 244              		.loc 1 95 0
 245 00e6 021C     		mov	r2, r0
 246 00e8 3032     		add	r2, r2, #48
 247 00ea 02AB     		add	r3, sp, #8
 248 00ec 1A70     		strb	r2, [r3]
 249 00ee 0123     		mov	r3, #1
 250              	.LVL24:
 251 00f0 0022     		mov	r2, #0
 252              	.LVL25:
 253              		.loc 1 94 0
 254 00f2 061C     		mov	r6, r0
 255              	.LVL26:
 256              		.loc 1 95 0
 257 00f4 0A27     		mov	r7, #10
 258              	.LVL27:
 259 00f6 5B42     		neg	r3, r3
 260 00f8 0192     		str	r2, [sp, #4]
 261              	.LVL28:
 262 00fa 22E0     		b	.L32
 263              	.LVL29:
 264              	.L33:
 265              	.LBB2:
  96:LCD.c         **** 
  97:LCD.c         **** 	while (prevModulo != modulo)
  98:LCD.c         **** 	{
  99:LCD.c         **** 		counter += 1;
 266              		.loc 1 99 0
 267 00fc 019B     		ldr	r3, [sp, #4]
 268              	.LVL30:
 269 00fe 0133     		add	r3, r3, #1
 270 0100 0193     		str	r3, [sp, #4]
 100:LCD.c         **** 		prevModulo = modulo;
 101:LCD.c         **** 		divisor *= 10;
 271              		.loc 1 101 0
 272 0102 BB00     		lsl	r3, r7, #2
 273 0104 DB19     		add	r3, r3, r7
 274 0106 5F00     		lsl	r7, r3, #1
 102:LCD.c         **** 		modulo = number % divisor;
 275              		.loc 1 102 0
 276 0108 0098     		ldr	r0, [sp]
 277 010a 391C     		mov	r1, r7
 278 010c FFF7FEFF 		bl	__modsi3
 279 0110 0A25     		mov	r5, #10
 280 0112 041C     		mov	r4, r0
 281 0114 07E0     		b	.L34
 282              	.L35:
 103:LCD.c         **** 		int i = 0;
 104:LCD.c         **** 		for (i = 10; i < divisor; i *= 10)
 105:LCD.c         **** 		{
 106:LCD.c         **** 			modulo -= modulo % i;
 283              		.loc 1 106 0
 284 0116 201C     		mov	r0, r4
 285 0118 291C     		mov	r1, r5
 286 011a FFF7FEFF 		bl	__modsi3
 287              		.loc 1 104 0
 288 011e AB00     		lsl	r3, r5, #2
 289 0120 5B19     		add	r3, r3, r5
ARM GAS  /cygdrive/c/DOCUME~1/mkwapisz/LOCALS~1/Temp/ccdM66FX.s 			page 8


 290              		.loc 1 106 0
 291 0122 241A     		sub	r4, r4, r0
 292              		.loc 1 104 0
 293 0124 5D00     		lsl	r5, r3, #1
 294              	.L34:
 295 0126 BD42     		cmp	r5, r7
 296 0128 F5DB     		blt	.L35
 107:LCD.c         **** 		}
 108:LCD.c         **** 
 109:LCD.c         **** 		tmp[counter] = (char)((modulo * 10 / divisor) + '0');
 297              		.loc 1 109 0
 298 012a A000     		lsl	r0, r4, #2
 299 012c 0019     		add	r0, r0, r4
 300 012e 4000     		lsl	r0, r0, #1
 301 0130 391C     		mov	r1, r7
 302 0132 FFF7FEFF 		bl	__divsi3
 303 0136 019A     		ldr	r2, [sp, #4]
 304 0138 02AB     		add	r3, sp, #8
 305 013a 3030     		add	r0, r0, #48
 306 013c D054     		strb	r0, [r2, r3]
 307 013e 331C     		mov	r3, r6
 308              	.LVL31:
 309 0140 261C     		mov	r6, r4
 310              	.L32:
 311              	.LBE2:
 312              		.loc 1 97 0
 313 0142 B342     		cmp	r3, r6
 314 0144 DAD1     		bne	.L33
 110:LCD.c         **** 	}
 111:LCD.c         **** 
 112:LCD.c         **** 	tmp[counter - 1] = '\0';
 315              		.loc 1 112 0
 316 0146 019C     		ldr	r4, [sp, #4]
 317              	.LVL32:
 318 0148 02AB     		add	r3, sp, #8
 319              	.LVL33:
 320 014a 0022     		mov	r2, #0
 321 014c 013C     		sub	r4, r4, #1
 322 014e 1A55     		strb	r2, [r3, r4]
 113:LCD.c         **** 
 114:LCD.c         **** 	int i = 0;
 115:LCD.c         **** 
 116:LCD.c         **** 	for (i = counter - 2; i >= 0; i -= 1)
 323              		.loc 1 116 0
 324 0150 0199     		ldr	r1, [sp, #4]
 325              	.LVL34:
 326 0152 07AA     		add	r2, sp, #28
 327 0154 0239     		sub	r1, r1, #2
 328 0156 5218     		add	r2, r2, r1
 329 0158 181C     		mov	r0, r3
 330 015a 04E0     		b	.L38
 331              	.L39:
 117:LCD.c         **** 	{
 118:LCD.c         **** 		caption[i] = tmp[counter - 2 - i];
 332              		.loc 1 118 0
 333 015c 0378     		ldrb	r3, [r0]
 334              		.loc 1 116 0
ARM GAS  /cygdrive/c/DOCUME~1/mkwapisz/LOCALS~1/Temp/ccdM66FX.s 			page 9


 335 015e 0139     		sub	r1, r1, #1
 336              		.loc 1 118 0
 337 0160 1370     		strb	r3, [r2]
 338              		.loc 1 116 0
 339 0162 0130     		add	r0, r0, #1
 340 0164 013A     		sub	r2, r2, #1
 341              	.L38:
 342 0166 0029     		cmp	r1, #0
 343 0168 F8DA     		bge	.L39
 119:LCD.c         **** 	}
 120:LCD.c         **** 
 121:LCD.c         **** 	caption[counter - 1] = '\0';
 344              		.loc 1 121 0
 345 016a 07A8     		add	r0, sp, #28
 346 016c 0023     		mov	r3, #0
 347 016e 0355     		strb	r3, [r0, r4]
 348              	.L42:
 122:LCD.c         **** 
 123:LCD.c         **** 	writeString(caption);
 349              		.loc 1 123 0
 350 0170 FFF7FEFF 		bl	writeString
 351              	.LVL35:
 124:LCD.c         **** }
 352              		.loc 1 124 0
 353 0174 0CB0     		add	sp, sp, #48
 354              		@ sp needed for prologue
 355              	.LVL36:
 356              	.LVL37:
 357              	.LVL38:
 358 0176 F0BC     		pop	{r4, r5, r6, r7}
 359 0178 01BC     		pop	{r0}
 360 017a 0047     		bx	r0
 361              	.L44:
 362              		.align	2
 363              	.L43:
 364 017c 00000000 		.word	.LC0
 365              	.LFE7:
 366              		.size	writeInt, .-writeInt
 367              		.align	2
 368              		.global	writeNewLine
 369              		.code 16
 370              		.thumb_func
 371              		.type	writeNewLine, %function
 372              	writeNewLine:
 373              	.LFB8:
 125:LCD.c         **** 
 126:LCD.c         **** void writeNewLine()
 127:LCD.c         **** {
 374              		.loc 1 127 0
 375 0180 00B5     		push	{lr}
 376              	.LCFI5:
 128:LCD.c         **** 	writeLCD(0, 0x80 | 0x40);
 377              		.loc 1 128 0
 378 0182 0020     		mov	r0, #0
 379 0184 C021     		mov	r1, #192
 380 0186 FFF74BFF 		bl	writeLCD
 129:LCD.c         **** 	delay37us();
ARM GAS  /cygdrive/c/DOCUME~1/mkwapisz/LOCALS~1/Temp/ccdM66FX.s 			page 10


 381              		.loc 1 129 0
 382 018a FFF739FF 		bl	delay37us
 130:LCD.c         **** }
 383              		.loc 1 130 0
 384              		@ sp needed for prologue
 385 018e 01BC     		pop	{r0}
 386 0190 0047     		bx	r0
 387              	.LFE8:
 388              		.size	writeNewLine, .-writeNewLine
 389 0192 0000     		.align	2
 390              		.global	clearLCD
 391              		.code 16
 392              		.thumb_func
 393              		.type	clearLCD, %function
 394              	clearLCD:
 395              	.LFB9:
 131:LCD.c         **** 
 132:LCD.c         **** void clearLCD()
 133:LCD.c         **** {
 396              		.loc 1 133 0
 397 0194 00B5     		push	{lr}
 398              	.LCFI6:
 134:LCD.c         **** 	writeLCD(0, 0x01);
 399              		.loc 1 134 0
 400 0196 0020     		mov	r0, #0
 401 0198 0121     		mov	r1, #1
 402 019a FFF741FF 		bl	writeLCD
 135:LCD.c         ****     osSleep(1);
 403              		.loc 1 135 0
 404 019e 0120     		mov	r0, #1
 405 01a0 FFF7FEFF 		bl	osSleep
 136:LCD.c         **** }
 406              		.loc 1 136 0
 407              		@ sp needed for prologue
 408 01a4 01BC     		pop	{r0}
 409 01a6 0047     		bx	r0
 410              	.LFE9:
 411              		.size	clearLCD, .-clearLCD
 412              		.section	.rodata.str1.4
 413 0002 0000     		.align	2
 414              	.LC5:
 415 0004 4C69637A 		.ascii	"Liczba zyc: \000"
 415      6261207A 
 415      79633A20 
 415      00
 416 0011 000000   		.align	2
 417              	.LC7:
 418 0014 50525A45 		.ascii	"PRZEGRALES\000"
 418      4752414C 
 418      455300
 419 001f 00       		.text
 420              		.align	2
 421              		.global	LCD
 422              		.code 16
 423              		.thumb_func
 424              		.type	LCD, %function
 425              	LCD:
ARM GAS  /cygdrive/c/DOCUME~1/mkwapisz/LOCALS~1/Temp/ccdM66FX.s 			page 11


 426              	.LFB10:
 137:LCD.c         **** 
 138:LCD.c         **** void
 139:LCD.c         **** LCD(void)
 140:LCD.c         **** {
 427              		.loc 1 140 0
 428 01a8 30B5     		push	{r4, r5, lr}
 429              	.LCFI7:
 430              	.LBB13:
 431              	.LBB14:
 432              		.loc 1 20 0
 433 01aa 464A     		ldr	r2, .L58
 434 01ac 4649     		ldr	r1, .L58+4
 435 01ae 1368     		ldr	r3, [r2]
 436 01b0 0B43     		orr	r3, r3, r1
 437 01b2 1360     		str	r3, [r2]
 438              		.loc 1 21 0
 439 01b4 454B     		ldr	r3, .L58+8
 440 01b6 1960     		str	r1, [r3]
 441              		.loc 1 23 0
 442 01b8 4549     		ldr	r1, .L58+12
 443 01ba 8022     		mov	r2, #128
 444 01bc 0B68     		ldr	r3, [r1]
 445 01be D203     		lsl	r2, r2, #15
 446              		.loc 1 24 0
 447 01c0 4448     		ldr	r0, .L58+16
 448              		.loc 1 23 0
 449 01c2 1343     		orr	r3, r3, r2
 450 01c4 0B60     		str	r3, [r1]
 451              		.loc 1 24 0
 452 01c6 0260     		str	r2, [r0]
 453              		.loc 1 26 0
 454 01c8 8022     		mov	r2, #128
 455 01ca 0B68     		ldr	r3, [r1]
 456 01cc D205     		lsl	r2, r2, #23
 457 01ce 1343     		orr	r3, r3, r2
 458 01d0 0B60     		str	r3, [r1]
 459              	.LBE14:
 460              	.LBE13:
 461              	.LBB15:
 462              	.LBB16:
 463              		.loc 1 66 0
 464 01d2 414B     		ldr	r3, .L58+20
 465              	.LBE16:
 466              	.LBE15:
 467              	.LBB17:
 468              	.LBB18:
 469              		.loc 1 27 0
 470 01d4 0260     		str	r2, [r0]
 471              	.LBE18:
 472              	.LBE17:
 473              	.LBB19:
 474              	.LBB20:
 475              		.loc 1 66 0
 476 01d6 1A60     		str	r2, [r3]
 477              	.L50:
 478              	.LBE20:
ARM GAS  /cygdrive/c/DOCUME~1/mkwapisz/LOCALS~1/Temp/ccdM66FX.s 			page 12


 479              	.LBE19:
 141:LCD.c         ****   initLCD();
 142:LCD.c         ****   lcdBacklight(TRUE);
 143:LCD.c         ****   for(;;)
 144:LCD.c         ****   {
 145:LCD.c         ****     osSleep(50);
 480              		.loc 1 145 0
 481 01d8 3220     		mov	r0, #50
 482 01da FFF7FEFF 		bl	osSleep
 146:LCD.c         **** 
 147:LCD.c         ****     //function set
 148:LCD.c         ****     writeLCD(0, 0x30);
 483              		.loc 1 148 0
 484 01de 3021     		mov	r1, #48
 485 01e0 0020     		mov	r0, #0
 486 01e2 FFF71DFF 		bl	writeLCD
 149:LCD.c         ****     osSleep(1);
 487              		.loc 1 149 0
 488 01e6 0120     		mov	r0, #1
 489 01e8 FFF7FEFF 		bl	osSleep
 150:LCD.c         ****     writeLCD(0, 0x30);
 490              		.loc 1 150 0
 491 01ec 0020     		mov	r0, #0
 492 01ee 3021     		mov	r1, #48
 493 01f0 FFF716FF 		bl	writeLCD
 151:LCD.c         ****     delay37us();
 494              		.loc 1 151 0
 495 01f4 FFF704FF 		bl	delay37us
 152:LCD.c         ****     writeLCD(0, 0x30);
 496              		.loc 1 152 0
 497 01f8 0020     		mov	r0, #0
 498 01fa 3021     		mov	r1, #48
 499 01fc FFF710FF 		bl	writeLCD
 153:LCD.c         ****     delay37us();
 500              		.loc 1 153 0
 501 0200 FFF7FEFE 		bl	delay37us
 154:LCD.c         **** 
 155:LCD.c         ****     //function set
 156:LCD.c         ****     writeLCD(0, 0x38);
 502              		.loc 1 156 0
 503 0204 0020     		mov	r0, #0
 504 0206 3821     		mov	r1, #56
 505 0208 FFF70AFF 		bl	writeLCD
 157:LCD.c         ****     delay37us();
 506              		.loc 1 157 0
 507 020c FFF7F8FE 		bl	delay37us
 158:LCD.c         **** 
 159:LCD.c         ****     //display off
 160:LCD.c         ****     writeLCD(0, 0x08);
 508              		.loc 1 160 0
 509 0210 0020     		mov	r0, #0
 510 0212 0821     		mov	r1, #8
 511 0214 FFF704FF 		bl	writeLCD
 161:LCD.c         ****     delay37us();
 512              		.loc 1 161 0
 513 0218 FFF7F2FE 		bl	delay37us
 162:LCD.c         **** 
ARM GAS  /cygdrive/c/DOCUME~1/mkwapisz/LOCALS~1/Temp/ccdM66FX.s 			page 13


 163:LCD.c         ****     //display clear
 164:LCD.c         ****     writeLCD(0, 0x01);
 514              		.loc 1 164 0
 515 021c 0121     		mov	r1, #1
 516 021e 0020     		mov	r0, #0
 517 0220 FFF7FEFE 		bl	writeLCD
 165:LCD.c         ****     osSleep(1); //actually only 1.52 mS needed
 518              		.loc 1 165 0
 519 0224 0120     		mov	r0, #1
 520 0226 FFF7FEFF 		bl	osSleep
 166:LCD.c         ****       
 167:LCD.c         ****     //display control set
 168:LCD.c         ****     writeLCD(0, 0x06);
 521              		.loc 1 168 0
 522 022a 0621     		mov	r1, #6
 523 022c 0020     		mov	r0, #0
 524 022e FFF7F7FE 		bl	writeLCD
 169:LCD.c         ****     osSleep(1);
 525              		.loc 1 169 0
 526 0232 0120     		mov	r0, #1
 527 0234 FFF7FEFF 		bl	osSleep
 170:LCD.c         **** 
 171:LCD.c         ****     //display control set
 172:LCD.c         ****     writeLCD(0, 0x0c);
 528              		.loc 1 172 0
 529 0238 0020     		mov	r0, #0
 530 023a 0C21     		mov	r1, #12
 531 023c FFF7F0FE 		bl	writeLCD
 173:LCD.c         ****     delay37us();
 532              		.loc 1 173 0
 533 0240 FFF7DEFE 		bl	delay37us
 174:LCD.c         **** 
 175:LCD.c         ****     //cursor home
 176:LCD.c         **** 
 177:LCD.c         ****     writeLCD(0, 0x02);
 534              		.loc 1 177 0
 535 0244 0020     		mov	r0, #0
 536 0246 0221     		mov	r1, #2
 537 0248 FFF7EAFE 		bl	writeLCD
 178:LCD.c         ****   osSleep(1);
 538              		.loc 1 178 0
 539 024c 0120     		mov	r0, #1
 540 024e FFF7FEFF 		bl	osSleep
 179:LCD.c         **** 	if(lifes > 0 && showResult == 1)
 541              		.loc 1 179 0
 542 0252 224D     		ldr	r5, .L58+24
 543 0254 2B68     		ldr	r3, [r5]
 544 0256 224C     		ldr	r4, .L58+28
 545 0258 002B     		cmp	r3, #0
 546 025a 1BDD     		ble	.L51
 547 025c 2368     		ldr	r3, [r4]
 548 025e 012B     		cmp	r3, #1
 549 0260 26D1     		bne	.L53
 550              	.LBB21:
 551              	.LBB22:
 552              		.loc 1 66 0
 553 0262 1D4A     		ldr	r2, .L58+20
ARM GAS  /cygdrive/c/DOCUME~1/mkwapisz/LOCALS~1/Temp/ccdM66FX.s 			page 14


 554 0264 8023     		mov	r3, #128
 555 0266 DB05     		lsl	r3, r3, #23
 556 0268 1360     		str	r3, [r2]
 557              	.LBE22:
 558              	.LBE21:
 180:LCD.c         **** 	{
 181:LCD.c         **** 		  lcdBacklight(TRUE);
 182:LCD.c         **** 		writeInt(timerCnt / 2);	//bo delay = 2ms
 559              		.loc 1 182 0
 560 026a 1E4B     		ldr	r3, .L58+32
 561 026c 1B68     		ldr	r3, [r3]
 562 026e D80F     		lsr	r0, r3, #31
 563 0270 C018     		add	r0, r0, r3
 564 0272 4010     		asr	r0, r0, #1
 565 0274 FFF7FEFF 		bl	writeInt
 183:LCD.c         **** 		writeNewLine();
 566              		.loc 1 183 0
 567 0278 FFF7FEFF 		bl	writeNewLine
 184:LCD.c         **** 		writeString("Liczba zyc: ");
 568              		.loc 1 184 0
 569 027c 1A48     		ldr	r0, .L58+36
 570 027e FFF7FEFF 		bl	writeString
 185:LCD.c         **** 		writeInt(lifes);
 571              		.loc 1 185 0
 572 0282 2868     		ldr	r0, [r5]
 573 0284 FFF7FEFF 		bl	writeInt
 186:LCD.c         **** 		osSleep(100);
 574              		.loc 1 186 0
 575 0288 6420     		mov	r0, #100
 576 028a FFF7FEFF 		bl	osSleep
 187:LCD.c         **** 		showResult = 0;
 577              		.loc 1 187 0
 578 028e 0023     		mov	r3, #0
 579 0290 2360     		str	r3, [r4]
 580 0292 13E0     		b	.L55
 581              	.L51:
 188:LCD.c         **** 	}
 189:LCD.c         **** 	else if(showResult == 1)
 582              		.loc 1 189 0
 583 0294 2368     		ldr	r3, [r4]
 584 0296 012B     		cmp	r3, #1
 585 0298 0AD1     		bne	.L53
 586              	.LBB23:
 587              	.LBB24:
 588              		.loc 1 66 0
 589 029a 0F4A     		ldr	r2, .L58+20
 590 029c 8023     		mov	r3, #128
 591 029e DB05     		lsl	r3, r3, #23
 592 02a0 1360     		str	r3, [r2]
 593              	.LBE24:
 594              	.LBE23:
 190:LCD.c         **** 	{
 191:LCD.c         **** 		  lcdBacklight(TRUE);
 192:LCD.c         **** 		writeString("PRZEGRALES");
 595              		.loc 1 192 0
 596 02a2 1248     		ldr	r0, .L58+40
 597 02a4 FFF7FEFF 		bl	writeString
ARM GAS  /cygdrive/c/DOCUME~1/mkwapisz/LOCALS~1/Temp/ccdM66FX.s 			page 15


 193:LCD.c         **** 		osSleep(100);
 598              		.loc 1 193 0
 599 02a8 6420     		mov	r0, #100
 600 02aa FFF7FEFF 		bl	osSleep
 601 02ae 05E0     		b	.L55
 602              	.L53:
 603              	.LBB25:
 604              	.LBB26:
 605              		.loc 1 68 0
 606 02b0 8023     		mov	r3, #128
 607 02b2 084A     		ldr	r2, .L58+16
 608 02b4 DB05     		lsl	r3, r3, #23
 609 02b6 1360     		str	r3, [r2]
 610              	.LBE26:
 611              	.LBE25:
 194:LCD.c         **** 	}
 195:LCD.c         **** 	else
 196:LCD.c         **** 	{
 197:LCD.c         **** 		  lcdBacklight(FALSE);
 198:LCD.c         **** 		clearLCD();
 612              		.loc 1 198 0
 613 02b8 FFF7FEFF 		bl	clearLCD
 614              	.L55:
 199:LCD.c         **** 	}
 200:LCD.c         **** 	clearLCD();
 615              		.loc 1 200 0
 616 02bc FFF7FEFF 		bl	clearLCD
 617 02c0 8AE7     		b	.L50
 618              	.L59:
 619 02c2 0000     		.align	2
 620              	.L58:
 621 02c4 188002E0 		.word	-536707048
 622 02c8 0000FF03 		.word	67043328
 623 02cc 1C8002E0 		.word	-536707044
 624 02d0 088002E0 		.word	-536707064
 625 02d4 0C8002E0 		.word	-536707060
 626 02d8 048002E0 		.word	-536707068
 627 02dc 00000000 		.word	lifes
 628 02e0 00000000 		.word	showResult
 629 02e4 00000000 		.word	timerCnt
 630 02e8 04000000 		.word	.LC5
 631 02ec 14000000 		.word	.LC7
 632              	.LFE10:
 633              		.size	LCD, .-LCD
 634              		.section	.debug_frame,"",%progbits
 635              	.Lframe0:
 636 0000 0C000000 		.4byte	.LECIE0-.LSCIE0
 637              	.LSCIE0:
 638 0004 FFFFFFFF 		.4byte	0xffffffff
 639 0008 01       		.byte	0x1
 640 0009 00       		.ascii	"\000"
 641 000a 01       		.uleb128 0x1
 642 000b 7C       		.sleb128 -4
 643 000c 0E       		.byte	0xe
 644 000d 0C       		.byte	0xc
 645 000e 0D       		.uleb128 0xd
 646 000f 00       		.uleb128 0x0
ARM GAS  /cygdrive/c/DOCUME~1/mkwapisz/LOCALS~1/Temp/ccdM66FX.s 			page 16


 647              		.align	2
 648              	.LECIE0:
 649              	.LSFDE0:
 650 0010 10000000 		.4byte	.LEFDE0-.LASFDE0
 651              	.LASFDE0:
 652 0014 00000000 		.4byte	.Lframe0
 653 0018 00000000 		.4byte	.LFB3
 654 001c 20000000 		.4byte	.LFE3-.LFB3
 655 0020 42       		.byte	0x4
 656              		.4byte	.LCFI0-.LFB3
 657 0021 0E       		.byte	0xe
 658 0022 04       		.uleb128 0x4
 659 0023 00       		.align	2
 660              	.LEFDE0:
 661              	.LSFDE2:
 662 0024 10000000 		.4byte	.LEFDE2-.LASFDE2
 663              	.LASFDE2:
 664 0028 00000000 		.4byte	.Lframe0
 665 002c 20000000 		.4byte	.LFB4
 666 0030 90000000 		.4byte	.LFE4-.LFB4
 667 0034 46       		.byte	0x4
 668              		.4byte	.LCFI1-.LFB4
 669 0035 0E       		.byte	0xe
 670 0036 04       		.uleb128 0x4
 671 0037 00       		.align	2
 672              	.LEFDE2:
 673              	.LSFDE4:
 674 0038 14000000 		.4byte	.LEFDE4-.LASFDE4
 675              	.LASFDE4:
 676 003c 00000000 		.4byte	.Lframe0
 677 0040 B0000000 		.4byte	.LFB6
 678 0044 1E000000 		.4byte	.LFE6-.LFB6
 679 0048 42       		.byte	0x4
 680              		.4byte	.LCFI2-.LFB6
 681 0049 0E       		.byte	0xe
 682 004a 08       		.uleb128 0x8
 683 004b 84       		.byte	0x84
 684 004c 02       		.uleb128 0x2
 685 004d 8E       		.byte	0x8e
 686 004e 01       		.uleb128 0x1
 687 004f 00       		.align	2
 688              	.LEFDE4:
 689              	.LSFDE6:
 690 0050 1C000000 		.4byte	.LEFDE6-.LASFDE6
 691              	.LASFDE6:
 692 0054 00000000 		.4byte	.Lframe0
 693 0058 D0000000 		.4byte	.LFB7
 694 005c B0000000 		.4byte	.LFE7-.LFB7
 695 0060 42       		.byte	0x4
 696              		.4byte	.LCFI3-.LFB7
 697 0061 0E       		.byte	0xe
 698 0062 14       		.uleb128 0x14
 699 0063 84       		.byte	0x84
 700 0064 05       		.uleb128 0x5
 701 0065 85       		.byte	0x85
 702 0066 04       		.uleb128 0x4
 703 0067 86       		.byte	0x86
ARM GAS  /cygdrive/c/DOCUME~1/mkwapisz/LOCALS~1/Temp/ccdM66FX.s 			page 17


 704 0068 03       		.uleb128 0x3
 705 0069 87       		.byte	0x87
 706 006a 02       		.uleb128 0x2
 707 006b 8E       		.byte	0x8e
 708 006c 01       		.uleb128 0x1
 709 006d 42       		.byte	0x4
 710              		.4byte	.LCFI4-.LCFI3
 711 006e 0E       		.byte	0xe
 712 006f 44       		.uleb128 0x44
 713              		.align	2
 714              	.LEFDE6:
 715              	.LSFDE8:
 716 0070 14000000 		.4byte	.LEFDE8-.LASFDE8
 717              	.LASFDE8:
 718 0074 00000000 		.4byte	.Lframe0
 719 0078 80010000 		.4byte	.LFB8
 720 007c 12000000 		.4byte	.LFE8-.LFB8
 721 0080 42       		.byte	0x4
 722              		.4byte	.LCFI5-.LFB8
 723 0081 0E       		.byte	0xe
 724 0082 04       		.uleb128 0x4
 725 0083 8E       		.byte	0x8e
 726 0084 01       		.uleb128 0x1
 727 0085 000000   		.align	2
 728              	.LEFDE8:
 729              	.LSFDE10:
 730 0088 14000000 		.4byte	.LEFDE10-.LASFDE10
 731              	.LASFDE10:
 732 008c 00000000 		.4byte	.Lframe0
 733 0090 94010000 		.4byte	.LFB9
 734 0094 14000000 		.4byte	.LFE9-.LFB9
 735 0098 42       		.byte	0x4
 736              		.4byte	.LCFI6-.LFB9
 737 0099 0E       		.byte	0xe
 738 009a 04       		.uleb128 0x4
 739 009b 8E       		.byte	0x8e
 740 009c 01       		.uleb128 0x1
 741 009d 000000   		.align	2
 742              	.LEFDE10:
 743              	.LSFDE12:
 744 00a0 18000000 		.4byte	.LEFDE12-.LASFDE12
 745              	.LASFDE12:
 746 00a4 00000000 		.4byte	.Lframe0
 747 00a8 A8010000 		.4byte	.LFB10
 748 00ac 48010000 		.4byte	.LFE10-.LFB10
 749 00b0 42       		.byte	0x4
 750              		.4byte	.LCFI7-.LFB10
 751 00b1 0E       		.byte	0xe
 752 00b2 0C       		.uleb128 0xc
 753 00b3 84       		.byte	0x84
 754 00b4 03       		.uleb128 0x3
 755 00b5 85       		.byte	0x85
 756 00b6 02       		.uleb128 0x2
 757 00b7 8E       		.byte	0x8e
 758 00b8 01       		.uleb128 0x1
 759 00b9 000000   		.align	2
 760              	.LEFDE12:
ARM GAS  /cygdrive/c/DOCUME~1/mkwapisz/LOCALS~1/Temp/ccdM66FX.s 			page 18


 761              		.file 2 "./startup/../pre_emptive_os/api/../api/general.h"
 762              		.text
 763              	.Letext0:
 764              		.section	.debug_loc,"",%progbits
 765              	.Ldebug_loc0:
 766              	.LLST0:
 767 0000 00000000 		.4byte	.LFB3-.Ltext0
 768 0004 02000000 		.4byte	.LCFI0-.Ltext0
 769 0008 0100     		.2byte	0x1
 770 000a 5D       		.byte	0x5d
 771 000b 02000000 		.4byte	.LCFI0-.Ltext0
 772 000f 20000000 		.4byte	.LFE3-.Ltext0
 773 0013 0200     		.2byte	0x2
 774 0015 7D       		.byte	0x7d
 775 0016 04       		.sleb128 4
 776 0017 00000000 		.4byte	0x0
 777 001b 00000000 		.4byte	0x0
 778              	.LLST1:
 779 001f 20000000 		.4byte	.LFB4-.Ltext0
 780 0023 26000000 		.4byte	.LCFI1-.Ltext0
 781 0027 0100     		.2byte	0x1
 782 0029 5D       		.byte	0x5d
 783 002a 26000000 		.4byte	.LCFI1-.Ltext0
 784 002e B0000000 		.4byte	.LFE4-.Ltext0
 785 0032 0200     		.2byte	0x2
 786 0034 7D       		.byte	0x7d
 787 0035 04       		.sleb128 4
 788 0036 00000000 		.4byte	0x0
 789 003a 00000000 		.4byte	0x0
 790              	.LLST2:
 791 003e 20000000 		.4byte	.LVL1-.Ltext0
 792 0042 24000000 		.4byte	.LVL3-.Ltext0
 793 0046 0100     		.2byte	0x1
 794 0048 50       		.byte	0x50
 795 0049 00000000 		.4byte	0x0
 796 004d 00000000 		.4byte	0x0
 797              	.LLST3:
 798 0051 20000000 		.4byte	.LVL1-.Ltext0
 799 0055 22000000 		.4byte	.LVL2-.Ltext0
 800 0059 0100     		.2byte	0x1
 801 005b 51       		.byte	0x51
 802 005c 28000000 		.4byte	.LVL4-.Ltext0
 803 0060 64000000 		.4byte	.LVL6-.Ltext0
 804 0064 0100     		.2byte	0x1
 805 0066 51       		.byte	0x51
 806 0067 70000000 		.4byte	.LVL8-.Ltext0
 807 006b 72000000 		.4byte	.LVL9-.Ltext0
 808 006f 0100     		.2byte	0x1
 809 0071 51       		.byte	0x51
 810 0072 00000000 		.4byte	0x0
 811 0076 00000000 		.4byte	0x0
 812              	.LLST4:
 813 007a 62000000 		.4byte	.LVL5-.Ltext0
 814 007e 64000000 		.4byte	.LVL6-.Ltext0
 815 0082 0200     		.2byte	0x2
 816 0084 73       		.byte	0x73
 817 0085 00       		.sleb128 0
ARM GAS  /cygdrive/c/DOCUME~1/mkwapisz/LOCALS~1/Temp/ccdM66FX.s 			page 19


 818 0086 64000000 		.4byte	.LVL6-.Ltext0
 819 008a 6A000000 		.4byte	.LVL7-.Ltext0
 820 008e 0100     		.2byte	0x1
 821 0090 53       		.byte	0x53
 822 0091 6A000000 		.4byte	.LVL7-.Ltext0
 823 0095 70000000 		.4byte	.LVL8-.Ltext0
 824 0099 0200     		.2byte	0x2
 825 009b 71       		.byte	0x71
 826 009c 00       		.sleb128 0
 827 009d 70000000 		.4byte	.LVL8-.Ltext0
 828 00a1 7A000000 		.4byte	.LVL10-.Ltext0
 829 00a5 0200     		.2byte	0x2
 830 00a7 73       		.byte	0x73
 831 00a8 00       		.sleb128 0
 832 00a9 7A000000 		.4byte	.LVL10-.Ltext0
 833 00ad 7C000000 		.4byte	.LVL11-.Ltext0
 834 00b1 0100     		.2byte	0x1
 835 00b3 53       		.byte	0x53
 836 00b4 7C000000 		.4byte	.LVL11-.Ltext0
 837 00b8 88000000 		.4byte	.LVL12-.Ltext0
 838 00bc 0200     		.2byte	0x2
 839 00be 71       		.byte	0x71
 840 00bf 00       		.sleb128 0
 841 00c0 88000000 		.4byte	.LVL12-.Ltext0
 842 00c4 8E000000 		.4byte	.LVL13-.Ltext0
 843 00c8 0100     		.2byte	0x1
 844 00ca 53       		.byte	0x53
 845 00cb 8E000000 		.4byte	.LVL13-.Ltext0
 846 00cf 94000000 		.4byte	.LVL14-.Ltext0
 847 00d3 0200     		.2byte	0x2
 848 00d5 72       		.byte	0x72
 849 00d6 00       		.sleb128 0
 850 00d7 94000000 		.4byte	.LVL14-.Ltext0
 851 00db 9E000000 		.4byte	.LVL15-.Ltext0
 852 00df 0200     		.2byte	0x2
 853 00e1 71       		.byte	0x71
 854 00e2 00       		.sleb128 0
 855 00e3 9E000000 		.4byte	.LVL15-.Ltext0
 856 00e7 B0000000 		.4byte	.LFE4-.Ltext0
 857 00eb 0100     		.2byte	0x1
 858 00ed 53       		.byte	0x53
 859 00ee 00000000 		.4byte	0x0
 860 00f2 00000000 		.4byte	0x0
 861              	.LLST5:
 862 00f6 B0000000 		.4byte	.LFB6-.Ltext0
 863 00fa B2000000 		.4byte	.LCFI2-.Ltext0
 864 00fe 0100     		.2byte	0x1
 865 0100 5D       		.byte	0x5d
 866 0101 B2000000 		.4byte	.LCFI2-.Ltext0
 867 0105 CE000000 		.4byte	.LFE6-.Ltext0
 868 0109 0200     		.2byte	0x2
 869 010b 7D       		.byte	0x7d
 870 010c 08       		.sleb128 8
 871 010d 00000000 		.4byte	0x0
 872 0111 00000000 		.4byte	0x0
 873              	.LLST6:
 874 0115 B2000000 		.4byte	.LVL16-.Ltext0
ARM GAS  /cygdrive/c/DOCUME~1/mkwapisz/LOCALS~1/Temp/ccdM66FX.s 			page 20


 875 0119 B8000000 		.4byte	.LVL17-.Ltext0
 876 011d 0100     		.2byte	0x1
 877 011f 50       		.byte	0x50
 878 0120 C0000000 		.4byte	.LVL18-.Ltext0
 879 0124 CE000000 		.4byte	.LFE6-.Ltext0
 880 0128 0100     		.2byte	0x1
 881 012a 50       		.byte	0x50
 882 012b 00000000 		.4byte	0x0
 883 012f 00000000 		.4byte	0x0
 884              	.LLST7:
 885 0133 D0000000 		.4byte	.LFB7-.Ltext0
 886 0137 D2000000 		.4byte	.LCFI3-.Ltext0
 887 013b 0100     		.2byte	0x1
 888 013d 5D       		.byte	0x5d
 889 013e D2000000 		.4byte	.LCFI3-.Ltext0
 890 0142 D4000000 		.4byte	.LCFI4-.Ltext0
 891 0146 0200     		.2byte	0x2
 892 0148 7D       		.byte	0x7d
 893 0149 14       		.sleb128 20
 894 014a D4000000 		.4byte	.LCFI4-.Ltext0
 895 014e 80010000 		.4byte	.LFE7-.Ltext0
 896 0152 0300     		.2byte	0x3
 897 0154 7D       		.byte	0x7d
 898 0155 C400     		.sleb128 68
 899 0157 00000000 		.4byte	0x0
 900 015b 00000000 		.4byte	0x0
 901              	.LLST8:
 902 015f D2000000 		.4byte	.LVL19-.Ltext0
 903 0163 DC000000 		.4byte	.LVL20-.Ltext0
 904 0167 0100     		.2byte	0x1
 905 0169 50       		.byte	0x50
 906 016a DC000000 		.4byte	.LVL20-.Ltext0
 907 016e DE000000 		.4byte	.LVL21-.Ltext0
 908 0172 0200     		.2byte	0x2
 909 0174 91       		.byte	0x91
 910 0175 50       		.sleb128 -48
 911 0176 DE000000 		.4byte	.LVL21-.Ltext0
 912 017a E6000000 		.4byte	.LVL22-.Ltext0
 913 017e 0100     		.2byte	0x1
 914 0180 50       		.byte	0x50
 915 0181 E6000000 		.4byte	.LVL22-.Ltext0
 916 0185 80010000 		.4byte	.LFE7-.Ltext0
 917 0189 0200     		.2byte	0x2
 918 018b 91       		.byte	0x91
 919 018c 50       		.sleb128 -48
 920 018d 00000000 		.4byte	0x0
 921 0191 00000000 		.4byte	0x0
 922              	.LLST9:
 923 0195 F6000000 		.4byte	.LVL27-.Ltext0
 924 0199 76010000 		.4byte	.LVL38-.Ltext0
 925 019d 0100     		.2byte	0x1
 926 019f 57       		.byte	0x57
 927 01a0 00000000 		.4byte	0x0
 928 01a4 00000000 		.4byte	0x0
 929              	.LLST10:
 930 01a8 F0000000 		.4byte	.LVL24-.Ltext0
 931 01ac FE000000 		.4byte	.LVL30-.Ltext0
ARM GAS  /cygdrive/c/DOCUME~1/mkwapisz/LOCALS~1/Temp/ccdM66FX.s 			page 21


 932 01b0 0100     		.2byte	0x1
 933 01b2 53       		.byte	0x53
 934 01b3 40010000 		.4byte	.LVL31-.Ltext0
 935 01b7 4A010000 		.4byte	.LVL33-.Ltext0
 936 01bb 0100     		.2byte	0x1
 937 01bd 53       		.byte	0x53
 938 01be 00000000 		.4byte	0x0
 939 01c2 00000000 		.4byte	0x0
 940              	.LLST11:
 941 01c6 E6000000 		.4byte	.LVL23-.Ltext0
 942 01ca F2000000 		.4byte	.LVL25-.Ltext0
 943 01ce 0100     		.2byte	0x1
 944 01d0 50       		.byte	0x50
 945 01d1 F4000000 		.4byte	.LVL26-.Ltext0
 946 01d5 FC000000 		.4byte	.LVL29-.Ltext0
 947 01d9 0100     		.2byte	0x1
 948 01db 56       		.byte	0x56
 949 01dc FC000000 		.4byte	.LVL29-.Ltext0
 950 01e0 48010000 		.4byte	.LVL32-.Ltext0
 951 01e4 0100     		.2byte	0x1
 952 01e6 54       		.byte	0x54
 953 01e7 00000000 		.4byte	0x0
 954 01eb 00000000 		.4byte	0x0
 955              	.LLST12:
 956 01ef 52010000 		.4byte	.LVL34-.Ltext0
 957 01f3 74010000 		.4byte	.LVL35-.Ltext0
 958 01f7 0100     		.2byte	0x1
 959 01f9 51       		.byte	0x51
 960 01fa 00000000 		.4byte	0x0
 961 01fe 00000000 		.4byte	0x0
 962              	.LLST13:
 963 0202 FC000000 		.4byte	.LVL29-.Ltext0
 964 0206 76010000 		.4byte	.LVL36-.Ltext0
 965 020a 0100     		.2byte	0x1
 966 020c 55       		.byte	0x55
 967 020d 00000000 		.4byte	0x0
 968 0211 00000000 		.4byte	0x0
 969              	.LLST14:
 970 0215 80010000 		.4byte	.LFB8-.Ltext0
 971 0219 82010000 		.4byte	.LCFI5-.Ltext0
 972 021d 0100     		.2byte	0x1
 973 021f 5D       		.byte	0x5d
 974 0220 82010000 		.4byte	.LCFI5-.Ltext0
 975 0224 92010000 		.4byte	.LFE8-.Ltext0
 976 0228 0200     		.2byte	0x2
 977 022a 7D       		.byte	0x7d
 978 022b 04       		.sleb128 4
 979 022c 00000000 		.4byte	0x0
 980 0230 00000000 		.4byte	0x0
 981              	.LLST15:
 982 0234 94010000 		.4byte	.LFB9-.Ltext0
 983 0238 96010000 		.4byte	.LCFI6-.Ltext0
 984 023c 0100     		.2byte	0x1
 985 023e 5D       		.byte	0x5d
 986 023f 96010000 		.4byte	.LCFI6-.Ltext0
 987 0243 A8010000 		.4byte	.LFE9-.Ltext0
 988 0247 0200     		.2byte	0x2
ARM GAS  /cygdrive/c/DOCUME~1/mkwapisz/LOCALS~1/Temp/ccdM66FX.s 			page 22


 989 0249 7D       		.byte	0x7d
 990 024a 04       		.sleb128 4
 991 024b 00000000 		.4byte	0x0
 992 024f 00000000 		.4byte	0x0
 993              	.LLST16:
 994 0253 A8010000 		.4byte	.LFB10-.Ltext0
 995 0257 AA010000 		.4byte	.LCFI7-.Ltext0
 996 025b 0100     		.2byte	0x1
 997 025d 5D       		.byte	0x5d
 998 025e AA010000 		.4byte	.LCFI7-.Ltext0
 999 0262 F0020000 		.4byte	.LFE10-.Ltext0
 1000 0266 0200     		.2byte	0x2
 1001 0268 7D       		.byte	0x7d
 1002 0269 0C       		.sleb128 12
 1003 026a 00000000 		.4byte	0x0
 1004 026e 00000000 		.4byte	0x0
 1005              		.section	.debug_info
 1006 0000 C1020000 		.4byte	0x2c1
 1007 0004 0200     		.2byte	0x2
 1008 0006 00000000 		.4byte	.Ldebug_abbrev0
 1009 000a 04       		.byte	0x4
 1010 000b 01       		.uleb128 0x1
 1011 000c 00000000 		.4byte	.Ldebug_line0
 1012 0010 F0020000 		.4byte	.Letext0
 1013 0014 00000000 		.4byte	.Ltext0
 1014 0018 D6000000 		.4byte	.LASF26
 1015 001c 01       		.byte	0x1
 1016 001d 3C010000 		.4byte	.LASF27
 1017 0021 01010000 		.4byte	.LASF28
 1018 0025 02       		.uleb128 0x2
 1019 0026 74553800 		.ascii	"tU8\000"
 1020 002a 02       		.byte	0x2
 1021 002b 47       		.byte	0x47
 1022 002c 30000000 		.4byte	0x30
 1023 0030 03       		.uleb128 0x3
 1024 0031 46000000 		.4byte	.LASF0
 1025 0035 01       		.byte	0x1
 1026 0036 08       		.byte	0x8
 1027 0037 03       		.uleb128 0x3
 1028 0038 6F000000 		.4byte	.LASF1
 1029 003c 02       		.byte	0x2
 1030 003d 07       		.byte	0x7
 1031 003e 04       		.uleb128 0x4
 1032 003f ED000000 		.4byte	.LASF2
 1033 0043 02       		.byte	0x2
 1034 0044 49       		.byte	0x49
 1035 0045 49000000 		.4byte	0x49
 1036 0049 03       		.uleb128 0x3
 1037 004a A7000000 		.4byte	.LASF3
 1038 004e 04       		.byte	0x4
 1039 004f 07       		.byte	0x7
 1040 0050 03       		.uleb128 0x3
 1041 0051 30010000 		.4byte	.LASF4
 1042 0055 01       		.byte	0x1
 1043 0056 06       		.byte	0x6
 1044 0057 03       		.uleb128 0x3
 1045 0058 F7000000 		.4byte	.LASF5
ARM GAS  /cygdrive/c/DOCUME~1/mkwapisz/LOCALS~1/Temp/ccdM66FX.s 			page 23


 1046 005c 02       		.byte	0x2
 1047 005d 05       		.byte	0x5
 1048 005e 05       		.uleb128 0x5
 1049 005f 696E7400 		.ascii	"int\000"
 1050 0063 04       		.byte	0x4
 1051 0064 05       		.byte	0x5
 1052 0065 03       		.uleb128 0x3
 1053 0066 5D000000 		.4byte	.LASF6
 1054 006a 04       		.byte	0x4
 1055 006b 07       		.byte	0x7
 1056 006c 06       		.uleb128 0x6
 1057 006d 91000000 		.4byte	0x91
 1058 0071 B4000000 		.4byte	.LASF7
 1059 0075 01       		.byte	0x1
 1060 0076 20       		.byte	0x20
 1061 0077 01       		.byte	0x1
 1062 0078 00000000 		.4byte	.LFB3
 1063 007c 20000000 		.4byte	.LFE3
 1064 0080 00000000 		.4byte	.LLST0
 1065 0084 07       		.uleb128 0x7
 1066 0085 6900     		.ascii	"i\000"
 1067 0087 01       		.byte	0x1
 1068 0088 21       		.byte	0x21
 1069 0089 91000000 		.4byte	0x91
 1070 008d 02       		.byte	0x2
 1071 008e 91       		.byte	0x91
 1072 008f 7C       		.sleb128 -4
 1073 0090 00       		.byte	0x0
 1074 0091 08       		.uleb128 0x8
 1075 0092 3E000000 		.4byte	0x3e
 1076 0096 06       		.uleb128 0x6
 1077 0097 DA000000 		.4byte	0xda
 1078 009b 20000000 		.4byte	.LASF8
 1079 009f 01       		.byte	0x1
 1080 00a0 2A       		.byte	0x2a
 1081 00a1 01       		.byte	0x1
 1082 00a2 20000000 		.4byte	.LFB4
 1083 00a6 B0000000 		.4byte	.LFE4
 1084 00aa 1F000000 		.4byte	.LLST1
 1085 00ae 09       		.uleb128 0x9
 1086 00af 72656700 		.ascii	"reg\000"
 1087 00b3 01       		.byte	0x1
 1088 00b4 29       		.byte	0x29
 1089 00b5 25000000 		.4byte	0x25
 1090 00b9 3E000000 		.4byte	.LLST2
 1091 00bd 0A       		.uleb128 0xa
 1092 00be 0E000000 		.4byte	.LASF9
 1093 00c2 01       		.byte	0x1
 1094 00c3 29       		.byte	0x29
 1095 00c4 25000000 		.4byte	0x25
 1096 00c8 51000000 		.4byte	.LLST3
 1097 00cc 0B       		.uleb128 0xb
 1098 00cd 6900     		.ascii	"i\000"
 1099 00cf 01       		.byte	0x1
 1100 00d0 2B       		.byte	0x2b
 1101 00d1 DA000000 		.4byte	0xda
 1102 00d5 7A000000 		.4byte	.LLST4
ARM GAS  /cygdrive/c/DOCUME~1/mkwapisz/LOCALS~1/Temp/ccdM66FX.s 			page 24


 1103 00d9 00       		.byte	0x0
 1104 00da 08       		.uleb128 0x8
 1105 00db 25000000 		.4byte	0x25
 1106 00df 0C       		.uleb128 0xc
 1107 00e0 11010000 		.4byte	0x111
 1108 00e4 01       		.byte	0x1
 1109 00e5 9B000000 		.4byte	.LASF12
 1110 00e9 01       		.byte	0x1
 1111 00ea 48       		.byte	0x48
 1112 00eb 01       		.byte	0x1
 1113 00ec B0000000 		.4byte	.LFB6
 1114 00f0 CE000000 		.4byte	.LFE6
 1115 00f4 F6000000 		.4byte	.LLST5
 1116 00f8 0A       		.uleb128 0xa
 1117 00f9 00000000 		.4byte	.LASF10
 1118 00fd 01       		.byte	0x1
 1119 00fe 47       		.byte	0x47
 1120 00ff 11010000 		.4byte	0x111
 1121 0103 15010000 		.4byte	.LLST6
 1122 0107 0D       		.uleb128 0xd
 1123 0108 6900     		.ascii	"i\000"
 1124 010a 01       		.byte	0x1
 1125 010b 49       		.byte	0x49
 1126 010c 5E000000 		.4byte	0x5e
 1127 0110 00       		.byte	0x0
 1128 0111 0E       		.uleb128 0xe
 1129 0112 04       		.byte	0x4
 1130 0113 17010000 		.4byte	0x117
 1131 0117 03       		.uleb128 0x3
 1132 0118 F2000000 		.4byte	.LASF11
 1133 011c 01       		.byte	0x1
 1134 011d 08       		.byte	0x8
 1135 011e 0C       		.uleb128 0xc
 1136 011f C2010000 		.4byte	0x1c2
 1137 0123 01       		.byte	0x1
 1138 0124 29000000 		.4byte	.LASF13
 1139 0128 01       		.byte	0x1
 1140 0129 54       		.byte	0x54
 1141 012a 01       		.byte	0x1
 1142 012b D0000000 		.4byte	.LFB7
 1143 012f 80010000 		.4byte	.LFE7
 1144 0133 33010000 		.4byte	.LLST7
 1145 0137 0A       		.uleb128 0xa
 1146 0138 CF000000 		.4byte	.LASF14
 1147 013c 01       		.byte	0x1
 1148 013d 53       		.byte	0x53
 1149 013e 5E000000 		.4byte	0x5e
 1150 0142 5F010000 		.4byte	.LLST8
 1151 0146 0F       		.uleb128 0xf
 1152 0147 00000000 		.4byte	.LASF10
 1153 014b 01       		.byte	0x1
 1154 014c 5A       		.byte	0x5a
 1155 014d C2010000 		.4byte	0x1c2
 1156 0151 02       		.byte	0x2
 1157 0152 91       		.byte	0x91
 1158 0153 58       		.sleb128 -40
 1159 0154 07       		.uleb128 0x7
ARM GAS  /cygdrive/c/DOCUME~1/mkwapisz/LOCALS~1/Temp/ccdM66FX.s 			page 25


 1160 0155 746D7000 		.ascii	"tmp\000"
 1161 0159 01       		.byte	0x1
 1162 015a 5A       		.byte	0x5a
 1163 015b C2010000 		.4byte	0x1c2
 1164 015f 02       		.byte	0x2
 1165 0160 91       		.byte	0x91
 1166 0161 44       		.sleb128 -60
 1167 0162 10       		.uleb128 0x10
 1168 0163 28010000 		.4byte	.LASF15
 1169 0167 01       		.byte	0x1
 1170 0168 5C       		.byte	0x5c
 1171 0169 5E000000 		.4byte	0x5e
 1172 016d 95010000 		.4byte	.LLST9
 1173 0171 0F       		.uleb128 0xf
 1174 0172 82000000 		.4byte	.LASF16
 1175 0176 01       		.byte	0x1
 1176 0177 5C       		.byte	0x5c
 1177 0178 5E000000 		.4byte	0x5e
 1178 017c 02       		.byte	0x2
 1179 017d 91       		.byte	0x91
 1180 017e 54       		.sleb128 -44
 1181 017f 10       		.uleb128 0x10
 1182 0180 E2000000 		.4byte	.LASF17
 1183 0184 01       		.byte	0x1
 1184 0185 5D       		.byte	0x5d
 1185 0186 5E000000 		.4byte	0x5e
 1186 018a A8010000 		.4byte	.LLST10
 1187 018e 10       		.uleb128 0x10
 1188 018f 3F000000 		.4byte	.LASF18
 1189 0193 01       		.byte	0x1
 1190 0194 5E       		.byte	0x5e
 1191 0195 5E000000 		.4byte	0x5e
 1192 0199 C6010000 		.4byte	.LLST11
 1193 019d 0B       		.uleb128 0xb
 1194 019e 6900     		.ascii	"i\000"
 1195 01a0 01       		.byte	0x1
 1196 01a1 72       		.byte	0x72
 1197 01a2 5E000000 		.4byte	0x5e
 1198 01a6 EF010000 		.4byte	.LLST12
 1199 01aa 11       		.uleb128 0x11
 1200 01ab FC000000 		.4byte	.LBB2
 1201 01af 42010000 		.4byte	.LBE2
 1202 01b3 0B       		.uleb128 0xb
 1203 01b4 6900     		.ascii	"i\000"
 1204 01b6 01       		.byte	0x1
 1205 01b7 67       		.byte	0x67
 1206 01b8 5E000000 		.4byte	0x5e
 1207 01bc 02020000 		.4byte	.LLST13
 1208 01c0 00       		.byte	0x0
 1209 01c1 00       		.byte	0x0
 1210 01c2 12       		.uleb128 0x12
 1211 01c3 D2010000 		.4byte	0x1d2
 1212 01c7 17010000 		.4byte	0x117
 1213 01cb 13       		.uleb128 0x13
 1214 01cc 65000000 		.4byte	0x65
 1215 01d0 13       		.byte	0x13
 1216 01d1 00       		.byte	0x0
ARM GAS  /cygdrive/c/DOCUME~1/mkwapisz/LOCALS~1/Temp/ccdM66FX.s 			page 26


 1217 01d2 14       		.uleb128 0x14
 1218 01d3 01       		.byte	0x1
 1219 01d4 32000000 		.4byte	.LASF19
 1220 01d8 01       		.byte	0x1
 1221 01d9 7F       		.byte	0x7f
 1222 01da 80010000 		.4byte	.LFB8
 1223 01de 92010000 		.4byte	.LFE8
 1224 01e2 15020000 		.4byte	.LLST14
 1225 01e6 14       		.uleb128 0x14
 1226 01e7 01       		.byte	0x1
 1227 01e8 54000000 		.4byte	.LASF20
 1228 01ec 01       		.byte	0x1
 1229 01ed 85       		.byte	0x85
 1230 01ee 94010000 		.4byte	.LFB9
 1231 01f2 A8010000 		.4byte	.LFE9
 1232 01f6 34020000 		.4byte	.LLST15
 1233 01fa 15       		.uleb128 0x15
 1234 01fb C7000000 		.4byte	.LASF29
 1235 01ff 01       		.byte	0x1
 1236 0200 13       		.byte	0x13
 1237 0201 01       		.byte	0x1
 1238 0202 01       		.byte	0x1
 1239 0203 16       		.uleb128 0x16
 1240 0204 1C020000 		.4byte	0x21c
 1241 0208 13000000 		.4byte	.LASF21
 1242 020c 01       		.byte	0x1
 1243 020d 40       		.byte	0x40
 1244 020e 01       		.byte	0x1
 1245 020f 01       		.byte	0x1
 1246 0210 17       		.uleb128 0x17
 1247 0211 8A000000 		.4byte	.LASF22
 1248 0215 01       		.byte	0x1
 1249 0216 3F       		.byte	0x3f
 1250 0217 25000000 		.4byte	0x25
 1251 021b 00       		.byte	0x0
 1252 021c 18       		.uleb128 0x18
 1253 021d 9D020000 		.4byte	0x29d
 1254 0221 01       		.byte	0x1
 1255 0222 4C434400 		.ascii	"LCD\000"
 1256 0226 01       		.byte	0x1
 1257 0227 8C       		.byte	0x8c
 1258 0228 01       		.byte	0x1
 1259 0229 A8010000 		.4byte	.LFB10
 1260 022d F0020000 		.4byte	.LFE10
 1261 0231 53020000 		.4byte	.LLST16
 1262 0235 19       		.uleb128 0x19
 1263 0236 FA010000 		.4byte	0x1fa
 1264 023a 00000000 		.4byte	.Ldebug_ranges0+0x0
 1265 023e 01       		.byte	0x1
 1266 023f 8D       		.byte	0x8d
 1267 0240 1A       		.uleb128 0x1a
 1268 0241 55020000 		.4byte	0x255
 1269 0245 03020000 		.4byte	0x203
 1270 0249 18000000 		.4byte	.Ldebug_ranges0+0x18
 1271 024d 01       		.byte	0x1
 1272 024e 8E       		.byte	0x8e
 1273 024f 1B       		.uleb128 0x1b
ARM GAS  /cygdrive/c/DOCUME~1/mkwapisz/LOCALS~1/Temp/ccdM66FX.s 			page 27


 1274 0250 10020000 		.4byte	0x210
 1275 0254 00       		.byte	0x0
 1276 0255 1C       		.uleb128 0x1c
 1277 0256 6E020000 		.4byte	0x26e
 1278 025a 03020000 		.4byte	0x203
 1279 025e 62020000 		.4byte	.LBB21
 1280 0262 6A020000 		.4byte	.LBE21
 1281 0266 01       		.byte	0x1
 1282 0267 B5       		.byte	0xb5
 1283 0268 1B       		.uleb128 0x1b
 1284 0269 10020000 		.4byte	0x210
 1285 026d 00       		.byte	0x0
 1286 026e 1C       		.uleb128 0x1c
 1287 026f 87020000 		.4byte	0x287
 1288 0273 03020000 		.4byte	0x203
 1289 0277 9A020000 		.4byte	.LBB23
 1290 027b A2020000 		.4byte	.LBE23
 1291 027f 01       		.byte	0x1
 1292 0280 BF       		.byte	0xbf
 1293 0281 1B       		.uleb128 0x1b
 1294 0282 10020000 		.4byte	0x210
 1295 0286 00       		.byte	0x0
 1296 0287 1D       		.uleb128 0x1d
 1297 0288 03020000 		.4byte	0x203
 1298 028c B0020000 		.4byte	.LBB25
 1299 0290 B8020000 		.4byte	.LBE25
 1300 0294 01       		.byte	0x1
 1301 0295 C5       		.byte	0xc5
 1302 0296 1B       		.uleb128 0x1b
 1303 0297 10020000 		.4byte	0x210
 1304 029b 00       		.byte	0x0
 1305 029c 00       		.byte	0x0
 1306 029d 1E       		.uleb128 0x1e
 1307 029e BE000000 		.4byte	.LASF23
 1308 02a2 01       		.byte	0x1
 1309 02a3 0D       		.byte	0xd
 1310 02a4 5E000000 		.4byte	0x5e
 1311 02a8 01       		.byte	0x1
 1312 02a9 01       		.byte	0x1
 1313 02aa 1E       		.uleb128 0x1e
 1314 02ab 08000000 		.4byte	.LASF24
 1315 02af 01       		.byte	0x1
 1316 02b0 0E       		.byte	0xe
 1317 02b1 5E000000 		.4byte	0x5e
 1318 02b5 01       		.byte	0x1
 1319 02b6 01       		.byte	0x1
 1320 02b7 1E       		.uleb128 0x1e
 1321 02b8 90000000 		.4byte	.LASF25
 1322 02bc 01       		.byte	0x1
 1323 02bd 0F       		.byte	0xf
 1324 02be 5E000000 		.4byte	0x5e
 1325 02c2 01       		.byte	0x1
 1326 02c3 01       		.byte	0x1
 1327 02c4 00       		.byte	0x0
 1328              		.section	.debug_abbrev
 1329 0000 01       		.uleb128 0x1
 1330 0001 11       		.uleb128 0x11
ARM GAS  /cygdrive/c/DOCUME~1/mkwapisz/LOCALS~1/Temp/ccdM66FX.s 			page 28


 1331 0002 01       		.byte	0x1
 1332 0003 10       		.uleb128 0x10
 1333 0004 06       		.uleb128 0x6
 1334 0005 12       		.uleb128 0x12
 1335 0006 01       		.uleb128 0x1
 1336 0007 11       		.uleb128 0x11
 1337 0008 01       		.uleb128 0x1
 1338 0009 25       		.uleb128 0x25
 1339 000a 0E       		.uleb128 0xe
 1340 000b 13       		.uleb128 0x13
 1341 000c 0B       		.uleb128 0xb
 1342 000d 03       		.uleb128 0x3
 1343 000e 0E       		.uleb128 0xe
 1344 000f 1B       		.uleb128 0x1b
 1345 0010 0E       		.uleb128 0xe
 1346 0011 00       		.byte	0x0
 1347 0012 00       		.byte	0x0
 1348 0013 02       		.uleb128 0x2
 1349 0014 16       		.uleb128 0x16
 1350 0015 00       		.byte	0x0
 1351 0016 03       		.uleb128 0x3
 1352 0017 08       		.uleb128 0x8
 1353 0018 3A       		.uleb128 0x3a
 1354 0019 0B       		.uleb128 0xb
 1355 001a 3B       		.uleb128 0x3b
 1356 001b 0B       		.uleb128 0xb
 1357 001c 49       		.uleb128 0x49
 1358 001d 13       		.uleb128 0x13
 1359 001e 00       		.byte	0x0
 1360 001f 00       		.byte	0x0
 1361 0020 03       		.uleb128 0x3
 1362 0021 24       		.uleb128 0x24
 1363 0022 00       		.byte	0x0
 1364 0023 03       		.uleb128 0x3
 1365 0024 0E       		.uleb128 0xe
 1366 0025 0B       		.uleb128 0xb
 1367 0026 0B       		.uleb128 0xb
 1368 0027 3E       		.uleb128 0x3e
 1369 0028 0B       		.uleb128 0xb
 1370 0029 00       		.byte	0x0
 1371 002a 00       		.byte	0x0
 1372 002b 04       		.uleb128 0x4
 1373 002c 16       		.uleb128 0x16
 1374 002d 00       		.byte	0x0
 1375 002e 03       		.uleb128 0x3
 1376 002f 0E       		.uleb128 0xe
 1377 0030 3A       		.uleb128 0x3a
 1378 0031 0B       		.uleb128 0xb
 1379 0032 3B       		.uleb128 0x3b
 1380 0033 0B       		.uleb128 0xb
 1381 0034 49       		.uleb128 0x49
 1382 0035 13       		.uleb128 0x13
 1383 0036 00       		.byte	0x0
 1384 0037 00       		.byte	0x0
 1385 0038 05       		.uleb128 0x5
 1386 0039 24       		.uleb128 0x24
 1387 003a 00       		.byte	0x0
ARM GAS  /cygdrive/c/DOCUME~1/mkwapisz/LOCALS~1/Temp/ccdM66FX.s 			page 29


 1388 003b 03       		.uleb128 0x3
 1389 003c 08       		.uleb128 0x8
 1390 003d 0B       		.uleb128 0xb
 1391 003e 0B       		.uleb128 0xb
 1392 003f 3E       		.uleb128 0x3e
 1393 0040 0B       		.uleb128 0xb
 1394 0041 00       		.byte	0x0
 1395 0042 00       		.byte	0x0
 1396 0043 06       		.uleb128 0x6
 1397 0044 2E       		.uleb128 0x2e
 1398 0045 01       		.byte	0x1
 1399 0046 01       		.uleb128 0x1
 1400 0047 13       		.uleb128 0x13
 1401 0048 03       		.uleb128 0x3
 1402 0049 0E       		.uleb128 0xe
 1403 004a 3A       		.uleb128 0x3a
 1404 004b 0B       		.uleb128 0xb
 1405 004c 3B       		.uleb128 0x3b
 1406 004d 0B       		.uleb128 0xb
 1407 004e 27       		.uleb128 0x27
 1408 004f 0C       		.uleb128 0xc
 1409 0050 11       		.uleb128 0x11
 1410 0051 01       		.uleb128 0x1
 1411 0052 12       		.uleb128 0x12
 1412 0053 01       		.uleb128 0x1
 1413 0054 40       		.uleb128 0x40
 1414 0055 06       		.uleb128 0x6
 1415 0056 00       		.byte	0x0
 1416 0057 00       		.byte	0x0
 1417 0058 07       		.uleb128 0x7
 1418 0059 34       		.uleb128 0x34
 1419 005a 00       		.byte	0x0
 1420 005b 03       		.uleb128 0x3
 1421 005c 08       		.uleb128 0x8
 1422 005d 3A       		.uleb128 0x3a
 1423 005e 0B       		.uleb128 0xb
 1424 005f 3B       		.uleb128 0x3b
 1425 0060 0B       		.uleb128 0xb
 1426 0061 49       		.uleb128 0x49
 1427 0062 13       		.uleb128 0x13
 1428 0063 02       		.uleb128 0x2
 1429 0064 0A       		.uleb128 0xa
 1430 0065 00       		.byte	0x0
 1431 0066 00       		.byte	0x0
 1432 0067 08       		.uleb128 0x8
 1433 0068 35       		.uleb128 0x35
 1434 0069 00       		.byte	0x0
 1435 006a 49       		.uleb128 0x49
 1436 006b 13       		.uleb128 0x13
 1437 006c 00       		.byte	0x0
 1438 006d 00       		.byte	0x0
 1439 006e 09       		.uleb128 0x9
 1440 006f 05       		.uleb128 0x5
 1441 0070 00       		.byte	0x0
 1442 0071 03       		.uleb128 0x3
 1443 0072 08       		.uleb128 0x8
 1444 0073 3A       		.uleb128 0x3a
ARM GAS  /cygdrive/c/DOCUME~1/mkwapisz/LOCALS~1/Temp/ccdM66FX.s 			page 30


 1445 0074 0B       		.uleb128 0xb
 1446 0075 3B       		.uleb128 0x3b
 1447 0076 0B       		.uleb128 0xb
 1448 0077 49       		.uleb128 0x49
 1449 0078 13       		.uleb128 0x13
 1450 0079 02       		.uleb128 0x2
 1451 007a 06       		.uleb128 0x6
 1452 007b 00       		.byte	0x0
 1453 007c 00       		.byte	0x0
 1454 007d 0A       		.uleb128 0xa
 1455 007e 05       		.uleb128 0x5
 1456 007f 00       		.byte	0x0
 1457 0080 03       		.uleb128 0x3
 1458 0081 0E       		.uleb128 0xe
 1459 0082 3A       		.uleb128 0x3a
 1460 0083 0B       		.uleb128 0xb
 1461 0084 3B       		.uleb128 0x3b
 1462 0085 0B       		.uleb128 0xb
 1463 0086 49       		.uleb128 0x49
 1464 0087 13       		.uleb128 0x13
 1465 0088 02       		.uleb128 0x2
 1466 0089 06       		.uleb128 0x6
 1467 008a 00       		.byte	0x0
 1468 008b 00       		.byte	0x0
 1469 008c 0B       		.uleb128 0xb
 1470 008d 34       		.uleb128 0x34
 1471 008e 00       		.byte	0x0
 1472 008f 03       		.uleb128 0x3
 1473 0090 08       		.uleb128 0x8
 1474 0091 3A       		.uleb128 0x3a
 1475 0092 0B       		.uleb128 0xb
 1476 0093 3B       		.uleb128 0x3b
 1477 0094 0B       		.uleb128 0xb
 1478 0095 49       		.uleb128 0x49
 1479 0096 13       		.uleb128 0x13
 1480 0097 02       		.uleb128 0x2
 1481 0098 06       		.uleb128 0x6
 1482 0099 00       		.byte	0x0
 1483 009a 00       		.byte	0x0
 1484 009b 0C       		.uleb128 0xc
 1485 009c 2E       		.uleb128 0x2e
 1486 009d 01       		.byte	0x1
 1487 009e 01       		.uleb128 0x1
 1488 009f 13       		.uleb128 0x13
 1489 00a0 3F       		.uleb128 0x3f
 1490 00a1 0C       		.uleb128 0xc
 1491 00a2 03       		.uleb128 0x3
 1492 00a3 0E       		.uleb128 0xe
 1493 00a4 3A       		.uleb128 0x3a
 1494 00a5 0B       		.uleb128 0xb
 1495 00a6 3B       		.uleb128 0x3b
 1496 00a7 0B       		.uleb128 0xb
 1497 00a8 27       		.uleb128 0x27
 1498 00a9 0C       		.uleb128 0xc
 1499 00aa 11       		.uleb128 0x11
 1500 00ab 01       		.uleb128 0x1
 1501 00ac 12       		.uleb128 0x12
ARM GAS  /cygdrive/c/DOCUME~1/mkwapisz/LOCALS~1/Temp/ccdM66FX.s 			page 31


 1502 00ad 01       		.uleb128 0x1
 1503 00ae 40       		.uleb128 0x40
 1504 00af 06       		.uleb128 0x6
 1505 00b0 00       		.byte	0x0
 1506 00b1 00       		.byte	0x0
 1507 00b2 0D       		.uleb128 0xd
 1508 00b3 34       		.uleb128 0x34
 1509 00b4 00       		.byte	0x0
 1510 00b5 03       		.uleb128 0x3
 1511 00b6 08       		.uleb128 0x8
 1512 00b7 3A       		.uleb128 0x3a
 1513 00b8 0B       		.uleb128 0xb
 1514 00b9 3B       		.uleb128 0x3b
 1515 00ba 0B       		.uleb128 0xb
 1516 00bb 49       		.uleb128 0x49
 1517 00bc 13       		.uleb128 0x13
 1518 00bd 00       		.byte	0x0
 1519 00be 00       		.byte	0x0
 1520 00bf 0E       		.uleb128 0xe
 1521 00c0 0F       		.uleb128 0xf
 1522 00c1 00       		.byte	0x0
 1523 00c2 0B       		.uleb128 0xb
 1524 00c3 0B       		.uleb128 0xb
 1525 00c4 49       		.uleb128 0x49
 1526 00c5 13       		.uleb128 0x13
 1527 00c6 00       		.byte	0x0
 1528 00c7 00       		.byte	0x0
 1529 00c8 0F       		.uleb128 0xf
 1530 00c9 34       		.uleb128 0x34
 1531 00ca 00       		.byte	0x0
 1532 00cb 03       		.uleb128 0x3
 1533 00cc 0E       		.uleb128 0xe
 1534 00cd 3A       		.uleb128 0x3a
 1535 00ce 0B       		.uleb128 0xb
 1536 00cf 3B       		.uleb128 0x3b
 1537 00d0 0B       		.uleb128 0xb
 1538 00d1 49       		.uleb128 0x49
 1539 00d2 13       		.uleb128 0x13
 1540 00d3 02       		.uleb128 0x2
 1541 00d4 0A       		.uleb128 0xa
 1542 00d5 00       		.byte	0x0
 1543 00d6 00       		.byte	0x0
 1544 00d7 10       		.uleb128 0x10
 1545 00d8 34       		.uleb128 0x34
 1546 00d9 00       		.byte	0x0
 1547 00da 03       		.uleb128 0x3
 1548 00db 0E       		.uleb128 0xe
 1549 00dc 3A       		.uleb128 0x3a
 1550 00dd 0B       		.uleb128 0xb
 1551 00de 3B       		.uleb128 0x3b
 1552 00df 0B       		.uleb128 0xb
 1553 00e0 49       		.uleb128 0x49
 1554 00e1 13       		.uleb128 0x13
 1555 00e2 02       		.uleb128 0x2
 1556 00e3 06       		.uleb128 0x6
 1557 00e4 00       		.byte	0x0
 1558 00e5 00       		.byte	0x0
ARM GAS  /cygdrive/c/DOCUME~1/mkwapisz/LOCALS~1/Temp/ccdM66FX.s 			page 32


 1559 00e6 11       		.uleb128 0x11
 1560 00e7 0B       		.uleb128 0xb
 1561 00e8 01       		.byte	0x1
 1562 00e9 11       		.uleb128 0x11
 1563 00ea 01       		.uleb128 0x1
 1564 00eb 12       		.uleb128 0x12
 1565 00ec 01       		.uleb128 0x1
 1566 00ed 00       		.byte	0x0
 1567 00ee 00       		.byte	0x0
 1568 00ef 12       		.uleb128 0x12
 1569 00f0 01       		.uleb128 0x1
 1570 00f1 01       		.byte	0x1
 1571 00f2 01       		.uleb128 0x1
 1572 00f3 13       		.uleb128 0x13
 1573 00f4 49       		.uleb128 0x49
 1574 00f5 13       		.uleb128 0x13
 1575 00f6 00       		.byte	0x0
 1576 00f7 00       		.byte	0x0
 1577 00f8 13       		.uleb128 0x13
 1578 00f9 21       		.uleb128 0x21
 1579 00fa 00       		.byte	0x0
 1580 00fb 49       		.uleb128 0x49
 1581 00fc 13       		.uleb128 0x13
 1582 00fd 2F       		.uleb128 0x2f
 1583 00fe 0B       		.uleb128 0xb
 1584 00ff 00       		.byte	0x0
 1585 0100 00       		.byte	0x0
 1586 0101 14       		.uleb128 0x14
 1587 0102 2E       		.uleb128 0x2e
 1588 0103 00       		.byte	0x0
 1589 0104 3F       		.uleb128 0x3f
 1590 0105 0C       		.uleb128 0xc
 1591 0106 03       		.uleb128 0x3
 1592 0107 0E       		.uleb128 0xe
 1593 0108 3A       		.uleb128 0x3a
 1594 0109 0B       		.uleb128 0xb
 1595 010a 3B       		.uleb128 0x3b
 1596 010b 0B       		.uleb128 0xb
 1597 010c 11       		.uleb128 0x11
 1598 010d 01       		.uleb128 0x1
 1599 010e 12       		.uleb128 0x12
 1600 010f 01       		.uleb128 0x1
 1601 0110 40       		.uleb128 0x40
 1602 0111 06       		.uleb128 0x6
 1603 0112 00       		.byte	0x0
 1604 0113 00       		.byte	0x0
 1605 0114 15       		.uleb128 0x15
 1606 0115 2E       		.uleb128 0x2e
 1607 0116 00       		.byte	0x0
 1608 0117 03       		.uleb128 0x3
 1609 0118 0E       		.uleb128 0xe
 1610 0119 3A       		.uleb128 0x3a
 1611 011a 0B       		.uleb128 0xb
 1612 011b 3B       		.uleb128 0x3b
 1613 011c 0B       		.uleb128 0xb
 1614 011d 27       		.uleb128 0x27
 1615 011e 0C       		.uleb128 0xc
ARM GAS  /cygdrive/c/DOCUME~1/mkwapisz/LOCALS~1/Temp/ccdM66FX.s 			page 33


 1616 011f 20       		.uleb128 0x20
 1617 0120 0B       		.uleb128 0xb
 1618 0121 00       		.byte	0x0
 1619 0122 00       		.byte	0x0
 1620 0123 16       		.uleb128 0x16
 1621 0124 2E       		.uleb128 0x2e
 1622 0125 01       		.byte	0x1
 1623 0126 01       		.uleb128 0x1
 1624 0127 13       		.uleb128 0x13
 1625 0128 03       		.uleb128 0x3
 1626 0129 0E       		.uleb128 0xe
 1627 012a 3A       		.uleb128 0x3a
 1628 012b 0B       		.uleb128 0xb
 1629 012c 3B       		.uleb128 0x3b
 1630 012d 0B       		.uleb128 0xb
 1631 012e 27       		.uleb128 0x27
 1632 012f 0C       		.uleb128 0xc
 1633 0130 20       		.uleb128 0x20
 1634 0131 0B       		.uleb128 0xb
 1635 0132 00       		.byte	0x0
 1636 0133 00       		.byte	0x0
 1637 0134 17       		.uleb128 0x17
 1638 0135 05       		.uleb128 0x5
 1639 0136 00       		.byte	0x0
 1640 0137 03       		.uleb128 0x3
 1641 0138 0E       		.uleb128 0xe
 1642 0139 3A       		.uleb128 0x3a
 1643 013a 0B       		.uleb128 0xb
 1644 013b 3B       		.uleb128 0x3b
 1645 013c 0B       		.uleb128 0xb
 1646 013d 49       		.uleb128 0x49
 1647 013e 13       		.uleb128 0x13
 1648 013f 00       		.byte	0x0
 1649 0140 00       		.byte	0x0
 1650 0141 18       		.uleb128 0x18
 1651 0142 2E       		.uleb128 0x2e
 1652 0143 01       		.byte	0x1
 1653 0144 01       		.uleb128 0x1
 1654 0145 13       		.uleb128 0x13
 1655 0146 3F       		.uleb128 0x3f
 1656 0147 0C       		.uleb128 0xc
 1657 0148 03       		.uleb128 0x3
 1658 0149 08       		.uleb128 0x8
 1659 014a 3A       		.uleb128 0x3a
 1660 014b 0B       		.uleb128 0xb
 1661 014c 3B       		.uleb128 0x3b
 1662 014d 0B       		.uleb128 0xb
 1663 014e 27       		.uleb128 0x27
 1664 014f 0C       		.uleb128 0xc
 1665 0150 11       		.uleb128 0x11
 1666 0151 01       		.uleb128 0x1
 1667 0152 12       		.uleb128 0x12
 1668 0153 01       		.uleb128 0x1
 1669 0154 40       		.uleb128 0x40
 1670 0155 06       		.uleb128 0x6
 1671 0156 00       		.byte	0x0
 1672 0157 00       		.byte	0x0
ARM GAS  /cygdrive/c/DOCUME~1/mkwapisz/LOCALS~1/Temp/ccdM66FX.s 			page 34


 1673 0158 19       		.uleb128 0x19
 1674 0159 1D       		.uleb128 0x1d
 1675 015a 00       		.byte	0x0
 1676 015b 31       		.uleb128 0x31
 1677 015c 13       		.uleb128 0x13
 1678 015d 55       		.uleb128 0x55
 1679 015e 06       		.uleb128 0x6
 1680 015f 58       		.uleb128 0x58
 1681 0160 0B       		.uleb128 0xb
 1682 0161 59       		.uleb128 0x59
 1683 0162 0B       		.uleb128 0xb
 1684 0163 00       		.byte	0x0
 1685 0164 00       		.byte	0x0
 1686 0165 1A       		.uleb128 0x1a
 1687 0166 1D       		.uleb128 0x1d
 1688 0167 01       		.byte	0x1
 1689 0168 01       		.uleb128 0x1
 1690 0169 13       		.uleb128 0x13
 1691 016a 31       		.uleb128 0x31
 1692 016b 13       		.uleb128 0x13
 1693 016c 55       		.uleb128 0x55
 1694 016d 06       		.uleb128 0x6
 1695 016e 58       		.uleb128 0x58
 1696 016f 0B       		.uleb128 0xb
 1697 0170 59       		.uleb128 0x59
 1698 0171 0B       		.uleb128 0xb
 1699 0172 00       		.byte	0x0
 1700 0173 00       		.byte	0x0
 1701 0174 1B       		.uleb128 0x1b
 1702 0175 05       		.uleb128 0x5
 1703 0176 00       		.byte	0x0
 1704 0177 31       		.uleb128 0x31
 1705 0178 13       		.uleb128 0x13
 1706 0179 00       		.byte	0x0
 1707 017a 00       		.byte	0x0
 1708 017b 1C       		.uleb128 0x1c
 1709 017c 1D       		.uleb128 0x1d
 1710 017d 01       		.byte	0x1
 1711 017e 01       		.uleb128 0x1
 1712 017f 13       		.uleb128 0x13
 1713 0180 31       		.uleb128 0x31
 1714 0181 13       		.uleb128 0x13
 1715 0182 11       		.uleb128 0x11
 1716 0183 01       		.uleb128 0x1
 1717 0184 12       		.uleb128 0x12
 1718 0185 01       		.uleb128 0x1
 1719 0186 58       		.uleb128 0x58
 1720 0187 0B       		.uleb128 0xb
 1721 0188 59       		.uleb128 0x59
 1722 0189 0B       		.uleb128 0xb
 1723 018a 00       		.byte	0x0
 1724 018b 00       		.byte	0x0
 1725 018c 1D       		.uleb128 0x1d
 1726 018d 1D       		.uleb128 0x1d
 1727 018e 01       		.byte	0x1
 1728 018f 31       		.uleb128 0x31
 1729 0190 13       		.uleb128 0x13
ARM GAS  /cygdrive/c/DOCUME~1/mkwapisz/LOCALS~1/Temp/ccdM66FX.s 			page 35


 1730 0191 11       		.uleb128 0x11
 1731 0192 01       		.uleb128 0x1
 1732 0193 12       		.uleb128 0x12
 1733 0194 01       		.uleb128 0x1
 1734 0195 58       		.uleb128 0x58
 1735 0196 0B       		.uleb128 0xb
 1736 0197 59       		.uleb128 0x59
 1737 0198 0B       		.uleb128 0xb
 1738 0199 00       		.byte	0x0
 1739 019a 00       		.byte	0x0
 1740 019b 1E       		.uleb128 0x1e
 1741 019c 34       		.uleb128 0x34
 1742 019d 00       		.byte	0x0
 1743 019e 03       		.uleb128 0x3
 1744 019f 0E       		.uleb128 0xe
 1745 01a0 3A       		.uleb128 0x3a
 1746 01a1 0B       		.uleb128 0xb
 1747 01a2 3B       		.uleb128 0x3b
 1748 01a3 0B       		.uleb128 0xb
 1749 01a4 49       		.uleb128 0x49
 1750 01a5 13       		.uleb128 0x13
 1751 01a6 3F       		.uleb128 0x3f
 1752 01a7 0C       		.uleb128 0xc
 1753 01a8 3C       		.uleb128 0x3c
 1754 01a9 0C       		.uleb128 0xc
 1755 01aa 00       		.byte	0x0
 1756 01ab 00       		.byte	0x0
 1757 01ac 00       		.byte	0x0
 1758              		.section	.debug_pubnames,"",%progbits
 1759 0000 51000000 		.4byte	0x51
 1760 0004 0200     		.2byte	0x2
 1761 0006 00000000 		.4byte	.Ldebug_info0
 1762 000a C5020000 		.4byte	0x2c5
 1763 000e DF000000 		.4byte	0xdf
 1764 0012 77726974 		.ascii	"writeString\000"
 1764      65537472 
 1764      696E6700 
 1765 001e 1E010000 		.4byte	0x11e
 1766 0022 77726974 		.ascii	"writeInt\000"
 1766      65496E74 
 1766      00
 1767 002b D2010000 		.4byte	0x1d2
 1768 002f 77726974 		.ascii	"writeNewLine\000"
 1768      654E6577 
 1768      4C696E65 
 1768      00
 1769 003c E6010000 		.4byte	0x1e6
 1770 0040 636C6561 		.ascii	"clearLCD\000"
 1770      724C4344 
 1770      00
 1771 0049 1C020000 		.4byte	0x21c
 1772 004d 4C434400 		.ascii	"LCD\000"
 1773 0051 00000000 		.4byte	0x0
 1774              		.section	.debug_aranges,"",%progbits
 1775 0000 1C000000 		.4byte	0x1c
 1776 0004 0200     		.2byte	0x2
 1777 0006 00000000 		.4byte	.Ldebug_info0
ARM GAS  /cygdrive/c/DOCUME~1/mkwapisz/LOCALS~1/Temp/ccdM66FX.s 			page 36


 1778 000a 04       		.byte	0x4
 1779 000b 00       		.byte	0x0
 1780 000c 0000     		.2byte	0x0
 1781 000e 0000     		.2byte	0x0
 1782 0010 00000000 		.4byte	.Ltext0
 1783 0014 F0020000 		.4byte	.Letext0-.Ltext0
 1784 0018 00000000 		.4byte	0x0
 1785 001c 00000000 		.4byte	0x0
 1786              		.section	.debug_ranges,"",%progbits
 1787              	.Ldebug_ranges0:
 1788 0000 AA010000 		.4byte	.LBB13-.Ltext0
 1789 0004 D2010000 		.4byte	.LBE13-.Ltext0
 1790 0008 D4010000 		.4byte	.LBB17-.Ltext0
 1791 000c D6010000 		.4byte	.LBE17-.Ltext0
 1792 0010 00000000 		.4byte	0x0
 1793 0014 00000000 		.4byte	0x0
 1794 0018 D2010000 		.4byte	.LBB15-.Ltext0
 1795 001c D4010000 		.4byte	.LBE15-.Ltext0
 1796 0020 D6010000 		.4byte	.LBB19-.Ltext0
 1797 0024 D8010000 		.4byte	.LBE19-.Ltext0
 1798 0028 00000000 		.4byte	0x0
 1799 002c 00000000 		.4byte	0x0
 1800              		.section	.debug_str,"MS",%progbits,1
 1801              	.LASF10:
 1802 0000 63617074 		.ascii	"caption\000"
 1802      696F6E00 
 1803              	.LASF24:
 1804 0008 6C696665 		.ascii	"lifes\000"
 1804      7300
 1805              	.LASF9:
 1806 000e 64617461 		.ascii	"data\000"
 1806      00
 1807              	.LASF21:
 1808 0013 6C636442 		.ascii	"lcdBacklight\000"
 1808      61636B6C 
 1808      69676874 
 1808      00
 1809              	.LASF8:
 1810 0020 77726974 		.ascii	"writeLCD\000"
 1810      654C4344 
 1810      00
 1811              	.LASF13:
 1812 0029 77726974 		.ascii	"writeInt\000"
 1812      65496E74 
 1812      00
 1813              	.LASF19:
 1814 0032 77726974 		.ascii	"writeNewLine\000"
 1814      654E6577 
 1814      4C696E65 
 1814      00
 1815              	.LASF18:
 1816 003f 6D6F6475 		.ascii	"modulo\000"
 1816      6C6F00
 1817              	.LASF0:
 1818 0046 756E7369 		.ascii	"unsigned char\000"
 1818      676E6564 
 1818      20636861 
ARM GAS  /cygdrive/c/DOCUME~1/mkwapisz/LOCALS~1/Temp/ccdM66FX.s 			page 37


 1818      7200
 1819              	.LASF20:
 1820 0054 636C6561 		.ascii	"clearLCD\000"
 1820      724C4344 
 1820      00
 1821              	.LASF6:
 1822 005d 6C6F6E67 		.ascii	"long unsigned int\000"
 1822      20756E73 
 1822      69676E65 
 1822      6420696E 
 1822      7400
 1823              	.LASF1:
 1824 006f 73686F72 		.ascii	"short unsigned int\000"
 1824      7420756E 
 1824      7369676E 
 1824      65642069 
 1824      6E7400
 1825              	.LASF16:
 1826 0082 636F756E 		.ascii	"counter\000"
 1826      74657200 
 1827              	.LASF22:
 1828 008a 6F6E4F66 		.ascii	"onOff\000"
 1828      6600
 1829              	.LASF25:
 1830 0090 73686F77 		.ascii	"showResult\000"
 1830      52657375 
 1830      6C7400
 1831              	.LASF12:
 1832 009b 77726974 		.ascii	"writeString\000"
 1832      65537472 
 1832      696E6700 
 1833              	.LASF3:
 1834 00a7 756E7369 		.ascii	"unsigned int\000"
 1834      676E6564 
 1834      20696E74 
 1834      00
 1835              	.LASF7:
 1836 00b4 64656C61 		.ascii	"delay37us\000"
 1836      79333775 
 1836      7300
 1837              	.LASF23:
 1838 00be 74696D65 		.ascii	"timerCnt\000"
 1838      72436E74 
 1838      00
 1839              	.LASF29:
 1840 00c7 696E6974 		.ascii	"initLCD\000"
 1840      4C434400 
 1841              	.LASF14:
 1842 00cf 6E756D62 		.ascii	"number\000"
 1842      657200
 1843              	.LASF26:
 1844 00d6 474E5520 		.ascii	"GNU C 4.1.1\000"
 1844      4320342E 
 1844      312E3100 
 1845              	.LASF17:
 1846 00e2 70726576 		.ascii	"prevModulo\000"
 1846      4D6F6475 
ARM GAS  /cygdrive/c/DOCUME~1/mkwapisz/LOCALS~1/Temp/ccdM66FX.s 			page 38


 1846      6C6F00
 1847              	.LASF2:
 1848 00ed 74553332 		.ascii	"tU32\000"
 1848      00
 1849              	.LASF11:
 1850 00f2 63686172 		.ascii	"char\000"
 1850      00
 1851              	.LASF5:
 1852 00f7 73686F72 		.ascii	"short int\000"
 1852      7420696E 
 1852      7400
 1853              	.LASF28:
 1854 0101 2F637967 		.ascii	"/cygdrive/c/Embedded/eclipse/Demo/2138\000"
 1854      64726976 
 1854      652F632F 
 1854      456D6265 
 1854      64646564 
 1855              	.LASF15:
 1856 0128 64697669 		.ascii	"divisor\000"
 1856      736F7200 
 1857              	.LASF4:
 1858 0130 7369676E 		.ascii	"signed char\000"
 1858      65642063 
 1858      68617200 
 1859              	.LASF27:
 1860 013c 4C43442E 		.ascii	"LCD.c\000"
 1860      6300
 1861              		.ident	"GCC: (GNU) 4.1.1"
ARM GAS  /cygdrive/c/DOCUME~1/mkwapisz/LOCALS~1/Temp/ccdM66FX.s 			page 39


DEFINED SYMBOLS
                            *ABS*:00000000 LCD.c
/cygdrive/c/DOCUME~1/mkwapisz/LOCALS~1/Temp/ccdM66FX.s:1      .text:00000000 $t
/cygdrive/c/DOCUME~1/mkwapisz/LOCALS~1/Temp/ccdM66FX.s:15     .text:00000000 delay37us
/cygdrive/c/DOCUME~1/mkwapisz/LOCALS~1/Temp/ccdM66FX.s:47     .text:0000001c $d
/cygdrive/c/DOCUME~1/mkwapisz/LOCALS~1/Temp/ccdM66FX.s:51     .text:00000020 $t
/cygdrive/c/DOCUME~1/mkwapisz/LOCALS~1/Temp/ccdM66FX.s:54     .text:00000020 writeLCD
/cygdrive/c/DOCUME~1/mkwapisz/LOCALS~1/Temp/ccdM66FX.s:167    .text:000000a4 $d
/cygdrive/c/DOCUME~1/mkwapisz/LOCALS~1/Temp/ccdM66FX.s:177    .text:000000b0 writeString
/cygdrive/c/DOCUME~1/mkwapisz/LOCALS~1/Temp/ccdM66FX.s:174    .text:000000b0 $t
/cygdrive/c/DOCUME~1/mkwapisz/LOCALS~1/Temp/ccdM66FX.s:219    .text:000000d0 writeInt
/cygdrive/c/DOCUME~1/mkwapisz/LOCALS~1/Temp/ccdM66FX.s:364    .text:0000017c $d
/cygdrive/c/DOCUME~1/mkwapisz/LOCALS~1/Temp/ccdM66FX.s:372    .text:00000180 writeNewLine
/cygdrive/c/DOCUME~1/mkwapisz/LOCALS~1/Temp/ccdM66FX.s:369    .text:00000180 $t
/cygdrive/c/DOCUME~1/mkwapisz/LOCALS~1/Temp/ccdM66FX.s:394    .text:00000194 clearLCD
/cygdrive/c/DOCUME~1/mkwapisz/LOCALS~1/Temp/ccdM66FX.s:425    .text:000001a8 LCD
/cygdrive/c/DOCUME~1/mkwapisz/LOCALS~1/Temp/ccdM66FX.s:621    .text:000002c4 $d

UNDEFINED SYMBOLS
__modsi3
__divsi3
osSleep
lifes
showResult
timerCnt
