ARM GAS  /cygdrive/c/DOCUME~1/mkwapisz/LOCALS~1/Temp/cclsrc4d.s 			page 1


   1              		.code	16
   2              		.file	"timer.c"
   3              		.section	.debug_abbrev,"",%progbits
   4              	.Ldebug_abbrev0:
   5              		.section	.debug_info,"",%progbits
   6              	.Ldebug_info0:
   7              		.section	.debug_line,"",%progbits
   8              	.Ldebug_line0:
   9 0000 69000000 		.text
   9      02001E00 
   9      00000201 
   9      FB0E0D00 
   9      01010101 
  10              	.Ltext0:
  11              		.align	2
  12              		.global	initTimer1
  13              		.code 16
  14              		.thumb_func
  15              		.type	initTimer1, %function
  16              	initTimer1:
  17              	.LFB3:
  18              		.file 1 "timer.c"
   1:timer.c       **** #include <lpc2xxx.h>
   2:timer.c       **** 
   3:timer.c       **** 
   4:timer.c       **** #define MR1I (1<<0) // przerwijj kiedy TC = MR0
   5:timer.c       **** #define MR1R (1<<1)	// Resetuj TC kiedy TC = MR0
   6:timer.c       **** 
   7:timer.c       **** #define PLOCK 0x00000500
   8:timer.c       **** #define DELAY_MS 1000 // 0.5 sceonds delay
   9:timer.c       **** #define PRESCALE 60000 // 60000 PCLK clokc cycles to increment5 TC by 1
  10:timer.c       **** 
  11:timer.c       **** void initClocks(void);
  12:timer.c       **** void initTimer1(void);
  13:timer.c       **** void T1ISR(void);
  14:timer.c       **** void setupPLL(void);
  15:timer.c       **** void feedSeq(void);
  16:timer.c       **** void connectPLL(void);
  17:timer.c       **** 
  18:timer.c       **** extern int timerCnt;
  19:timer.c       **** 
  20:timer.c       **** void timer(void)
  21:timer.c       **** {
  22:timer.c       **** 	initClocks();
  23:timer.c       **** 	initTimer1();
  24:timer.c       **** 	IODIR0 = 0xFFFFFFFF;
  25:timer.c       **** 	IOPIN0 = 0x0;
  26:timer.c       **** 
  27:timer.c       **** 	T1TCR= 0x01;
  28:timer.c       **** 
  29:timer.c       **** 	while(1);
  30:timer.c       **** }
  31:timer.c       **** 
  32:timer.c       **** void initTimer1(void)
  33:timer.c       **** {
  19              		.loc 1 33 0
  34:timer.c       **** 	T1TCR = 0x0;
ARM GAS  /cygdrive/c/DOCUME~1/mkwapisz/LOCALS~1/Temp/cclsrc4d.s 			page 2


  20              		.loc 1 34 0
  21 0000 0B49     		ldr	r1, .L3
  22 0002 0023     		mov	r3, #0
  23 0004 0B60     		str	r3, [r1]
  35:timer.c       **** 	T1PR = PRESCALE -1;
  24              		.loc 1 35 0
  25 0006 0B4A     		ldr	r2, .L3+4
  26 0008 0B4B     		ldr	r3, .L3+8
  27 000a 1A60     		str	r2, [r3]
  36:timer.c       **** 	T1MR0 = DELAY_MS-1;
  28              		.loc 1 36 0
  29 000c 0B4A     		ldr	r2, .L3+12
  30 000e 0C33     		add	r3, r3, #12
  31 0010 1A60     		str	r2, [r3]
  37:timer.c       **** 	T1MCR = MR1I | MR1R;
  32              		.loc 1 37 0
  33 0012 0322     		mov	r2, #3
  34 0014 043B     		sub	r3, r3, #4
  35 0016 1A60     		str	r2, [r3]
  38:timer.c       **** 
  39:timer.c       **** 	VICVectAddr5 = (unsigned) T1ISR;
  36              		.loc 1 39 0
  37 0018 094A     		ldr	r2, .L3+16
  38 001a 0A4B     		ldr	r3, .L3+20
  39 001c 1A60     		str	r2, [r3]
  40:timer.c       **** 
  41:timer.c       **** 	VICVectCntl5 = 0x20 | 5;
  40              		.loc 1 41 0
  41 001e 0A4B     		ldr	r3, .L3+24
  42 0020 2522     		mov	r2, #37
  43 0022 1A60     		str	r2, [r3]
  42:timer.c       **** 
  43:timer.c       **** 	VICIntEnable = 0x20;
  44              		.loc 1 43 0
  45 0024 094B     		ldr	r3, .L3+28
  46 0026 2022     		mov	r2, #32
  47 0028 1A60     		str	r2, [r3]
  44:timer.c       **** 	T1TCR = 0x02;
  48              		.loc 1 44 0
  49 002a 0223     		mov	r3, #2
  50              		.loc 1 33 0
  51              		@ lr needed for prologue
  52              		.loc 1 44 0
  53 002c 0B60     		str	r3, [r1]
  45:timer.c       **** }
  54              		.loc 1 45 0
  55              		@ sp needed for prologue
  56 002e 7047     		bx	lr
  57              	.L4:
  58              		.align	2
  59              	.L3:
  60 0030 048000E0 		.word	-536838140
  61 0034 5FEA0000 		.word	59999
  62 0038 0C8000E0 		.word	-536838132
  63 003c E7030000 		.word	999
  64 0040 00000000 		.word	T1ISR
  65 0044 14F1FFFF 		.word	-3820
ARM GAS  /cygdrive/c/DOCUME~1/mkwapisz/LOCALS~1/Temp/cclsrc4d.s 			page 3


  66 0048 14F2FFFF 		.word	-3564
  67 004c 10F0FFFF 		.word	-4080
  68              	.LFE3:
  69              		.size	initTimer1, .-initTimer1
  70              		.align	2
  71              		.global	T1ISR
  72              		.code 16
  73              		.thumb_func
  74              		.type	T1ISR, %function
  75              	T1ISR:
  76              	.LFB4:
  46:timer.c       **** 
  47:timer.c       **** void T1ISR()
  48:timer.c       **** {
  77              		.loc 1 48 0
  49:timer.c       **** 	long int regVal;
  50:timer.c       **** 	timerCnt +=1;
  78              		.loc 1 50 0
  79 0050 074A     		ldr	r2, .L7
  80 0052 1368     		ldr	r3, [r2]
  81 0054 0133     		add	r3, r3, #1
  82 0056 1360     		str	r3, [r2]
  51:timer.c       **** 	regVal = T1IR;
  83              		.loc 1 51 0
  84 0058 0649     		ldr	r1, .L7+4
  52:timer.c       **** 	IOPIN0 = ~IOPIN0;
  85              		.loc 1 52 0
  86 005a 074A     		ldr	r2, .L7+8
  87              		.loc 1 51 0
  88 005c 0868     		ldr	r0, [r1]
  89              		.loc 1 52 0
  90 005e 1368     		ldr	r3, [r2]
  91 0060 DB43     		mvn	r3, r3
  92 0062 1360     		str	r3, [r2]
  53:timer.c       **** 	T1IR = regVal;
  54:timer.c       **** 	VICVectAddr = 0x0;
  93              		.loc 1 54 0
  94 0064 054B     		ldr	r3, .L7+12
  95 0066 0022     		mov	r2, #0
  96              		.loc 1 53 0
  97 0068 0860     		str	r0, [r1]
  98              		.loc 1 48 0
  99              		@ lr needed for prologue
 100              		.loc 1 54 0
 101 006a 1A60     		str	r2, [r3]
  55:timer.c       **** }
 102              		.loc 1 55 0
 103              		@ sp needed for prologue
 104 006c 7047     		bx	lr
 105              	.L8:
 106 006e 0000     		.align	2
 107              	.L7:
 108 0070 00000000 		.word	timerCnt
 109 0074 008000E0 		.word	-536838144
 110 0078 008002E0 		.word	-536707072
 111 007c 30F0FFFF 		.word	-4048
 112              	.LFE4:
ARM GAS  /cygdrive/c/DOCUME~1/mkwapisz/LOCALS~1/Temp/cclsrc4d.s 			page 4


 113              		.size	T1ISR, .-T1ISR
 114              		.align	2
 115              		.global	setupPLL
 116              		.code 16
 117              		.thumb_func
 118              		.type	setupPLL, %function
 119              	setupPLL:
 120              	.LFB5:
  56:timer.c       **** 
  57:timer.c       **** void setupPLL(void)
  58:timer.c       **** {
 121              		.loc 1 58 0
  59:timer.c       **** 	PLLCON = 0x01;
 122              		.loc 1 59 0
 123 0080 034B     		ldr	r3, .L11
 124 0082 0122     		mov	r2, #1
 125 0084 1A60     		str	r2, [r3]
  60:timer.c       **** 	PLLCFG = 0x24;
 126              		.loc 1 60 0
 127 0086 2422     		mov	r2, #36
 128 0088 0433     		add	r3, r3, #4
 129              		.loc 1 58 0
 130              		@ lr needed for prologue
 131              		.loc 1 60 0
 132 008a 1A60     		str	r2, [r3]
  61:timer.c       **** }
 133              		.loc 1 61 0
 134              		@ sp needed for prologue
 135 008c 7047     		bx	lr
 136              	.L12:
 137 008e 0000     		.align	2
 138              	.L11:
 139 0090 80C01FE0 		.word	-534790016
 140              	.LFE5:
 141              		.size	setupPLL, .-setupPLL
 142              		.align	2
 143              		.global	feedSeq
 144              		.code 16
 145              		.thumb_func
 146              		.type	feedSeq, %function
 147              	feedSeq:
 148              	.LFB6:
  62:timer.c       **** 
  63:timer.c       **** void feedSeq(void)
  64:timer.c       **** {
 149              		.loc 1 64 0
  65:timer.c       **** 	PLLFEED = 0xAA;
 150              		.loc 1 65 0
 151 0094 024B     		ldr	r3, .L15
 152 0096 AA22     		mov	r2, #170
 153 0098 1A60     		str	r2, [r3]
  66:timer.c       **** 	PLLFEED = 0x55;
 154              		.loc 1 66 0
 155 009a 5522     		mov	r2, #85
 156              		.loc 1 64 0
 157              		@ lr needed for prologue
 158              		.loc 1 66 0
ARM GAS  /cygdrive/c/DOCUME~1/mkwapisz/LOCALS~1/Temp/cclsrc4d.s 			page 5


 159 009c 1A60     		str	r2, [r3]
  67:timer.c       **** }
 160              		.loc 1 67 0
 161              		@ sp needed for prologue
 162 009e 7047     		bx	lr
 163              	.L16:
 164              		.align	2
 165              	.L15:
 166 00a0 8CC01FE0 		.word	-534790004
 167              	.LFE6:
 168              		.size	feedSeq, .-feedSeq
 169              		.align	2
 170              		.global	connectPLL
 171              		.code 16
 172              		.thumb_func
 173              		.type	connectPLL, %function
 174              	connectPLL:
 175              	.LFB7:
  68:timer.c       **** 
  69:timer.c       **** void connectPLL(void)
  70:timer.c       **** {
 176              		.loc 1 70 0
 177              		@ lr needed for prologue
 178              	.L19:
  71:timer.c       **** 	while(!(PLLSTAT & PLOCK));
 179              		.loc 1 71 0
 180 00a4 044B     		ldr	r3, .L24
 181 00a6 1A68     		ldr	r2, [r3]
 182 00a8 A023     		mov	r3, #160
 183 00aa DB00     		lsl	r3, r3, #3
 184 00ac 1A42     		tst	r2, r3
 185 00ae F9D0     		beq	.L19
  72:timer.c       **** 	PLLCON = 0x03;
 186              		.loc 1 72 0
 187 00b0 024B     		ldr	r3, .L24+4
 188 00b2 0322     		mov	r2, #3
 189 00b4 1A60     		str	r2, [r3]
  73:timer.c       **** }
 190              		.loc 1 73 0
 191              		@ sp needed for prologue
 192 00b6 7047     		bx	lr
 193              	.L25:
 194              		.align	2
 195              	.L24:
 196 00b8 88C01FE0 		.word	-534790008
 197 00bc 80C01FE0 		.word	-534790016
 198              	.LFE7:
 199              		.size	connectPLL, .-connectPLL
 200              		.align	2
 201              		.global	initClocks
 202              		.code 16
 203              		.thumb_func
 204              		.type	initClocks, %function
 205              	initClocks:
 206              	.LFB8:
  74:timer.c       **** 
  75:timer.c       **** void initClocks(void)
ARM GAS  /cygdrive/c/DOCUME~1/mkwapisz/LOCALS~1/Temp/cclsrc4d.s 			page 6


  76:timer.c       **** {
 207              		.loc 1 76 0
 208              	.LBB10:
 209              	.LBB11:
 210              		.loc 1 59 0
 211 00c0 0E4B     		ldr	r3, .L32
 212 00c2 0122     		mov	r2, #1
 213 00c4 1A60     		str	r2, [r3]
 214              		.loc 1 60 0
 215 00c6 2422     		mov	r2, #36
 216 00c8 0433     		add	r3, r3, #4
 217 00ca 1A60     		str	r2, [r3]
 218              	.LBE11:
 219              	.LBE10:
 220              	.LBB12:
 221              	.LBB13:
 222              		.loc 1 65 0
 223 00cc 0C4A     		ldr	r2, .L32+4
 224 00ce AA23     		mov	r3, #170
 225 00d0 1360     		str	r3, [r2]
 226              		.loc 1 66 0
 227 00d2 5523     		mov	r3, #85
 228 00d4 1360     		str	r3, [r2]
 229              	.LBE13:
 230              	.LBE12:
 231              		.loc 1 76 0
 232              		@ lr needed for prologue
 233              	.L27:
 234              	.LBB14:
 235              	.LBB15:
 236              		.loc 1 71 0
 237 00d6 0B4B     		ldr	r3, .L32+8
 238 00d8 1A68     		ldr	r2, [r3]
 239 00da A023     		mov	r3, #160
 240 00dc DB00     		lsl	r3, r3, #3
 241 00de 1A42     		tst	r2, r3
 242 00e0 F9D0     		beq	.L27
 243              		.loc 1 72 0
 244 00e2 064B     		ldr	r3, .L32
 245 00e4 0322     		mov	r2, #3
 246 00e6 1A60     		str	r2, [r3]
 247              	.LBE15:
 248              	.LBE14:
 249              	.LBB16:
 250              	.LBB17:
 251              		.loc 1 65 0
 252 00e8 054A     		ldr	r2, .L32+4
 253 00ea AA23     		mov	r3, #170
 254 00ec 1360     		str	r3, [r2]
 255              		.loc 1 66 0
 256 00ee 5523     		mov	r3, #85
 257 00f0 1360     		str	r3, [r2]
 258              	.LBE17:
 259              	.LBE16:
  77:timer.c       **** 	setupPLL();
  78:timer.c       **** 	feedSeq();
  79:timer.c       **** 	connectPLL();
ARM GAS  /cygdrive/c/DOCUME~1/mkwapisz/LOCALS~1/Temp/cclsrc4d.s 			page 7


  80:timer.c       **** 	feedSeq();
  81:timer.c       **** 
  82:timer.c       **** 	VPBDIV = 0x01;
 260              		.loc 1 82 0
 261 00f2 054B     		ldr	r3, .L32+12
 262 00f4 0122     		mov	r2, #1
 263 00f6 1A60     		str	r2, [r3]
  83:timer.c       **** }
 264              		.loc 1 83 0
 265              		@ sp needed for prologue
 266 00f8 7047     		bx	lr
 267              	.L33:
 268 00fa 0000     		.align	2
 269              	.L32:
 270 00fc 80C01FE0 		.word	-534790016
 271 0100 8CC01FE0 		.word	-534790004
 272 0104 88C01FE0 		.word	-534790008
 273 0108 00C11FE0 		.word	-534789888
 274              	.LFE8:
 275              		.size	initClocks, .-initClocks
 276              		.align	2
 277              		.global	timer
 278              		.code 16
 279              		.thumb_func
 280              		.type	timer, %function
 281              	timer:
 282              	.LFB2:
 283              		.loc 1 21 0
 284 010c 00B5     		push	{lr}
 285              	.LCFI0:
 286              		.loc 1 22 0
 287 010e FFF7FEFF 		bl	initClocks
 288              		.loc 1 23 0
 289 0112 FFF7FEFF 		bl	initTimer1
 290              		.loc 1 24 0
 291 0116 054A     		ldr	r2, .L37
 292 0118 0123     		mov	r3, #1
 293 011a 5B42     		neg	r3, r3
 294 011c 1360     		str	r3, [r2]
 295              		.loc 1 25 0
 296 011e 044B     		ldr	r3, .L37+4
 297 0120 0022     		mov	r2, #0
 298 0122 1A60     		str	r2, [r3]
 299              		.loc 1 27 0
 300 0124 034B     		ldr	r3, .L37+8
 301 0126 0122     		mov	r2, #1
 302 0128 1A60     		str	r2, [r3]
 303              	.L35:
 304 012a FEE7     		b	.L35
 305              	.L38:
 306              		.align	2
 307              	.L37:
 308 012c 088002E0 		.word	-536707064
 309 0130 008002E0 		.word	-536707072
 310 0134 048000E0 		.word	-536838140
 311              	.LFE2:
 312              		.size	timer, .-timer
ARM GAS  /cygdrive/c/DOCUME~1/mkwapisz/LOCALS~1/Temp/cclsrc4d.s 			page 8


 313              		.section	.debug_frame,"",%progbits
 314              	.Lframe0:
 315 0000 0C000000 		.4byte	.LECIE0-.LSCIE0
 316              	.LSCIE0:
 317 0004 FFFFFFFF 		.4byte	0xffffffff
 318 0008 01       		.byte	0x1
 319 0009 00       		.ascii	"\000"
 320 000a 01       		.uleb128 0x1
 321 000b 7C       		.sleb128 -4
 322 000c 0E       		.byte	0xe
 323 000d 0C       		.byte	0xc
 324 000e 0D       		.uleb128 0xd
 325 000f 00       		.uleb128 0x0
 326              		.align	2
 327              	.LECIE0:
 328              	.LSFDE0:
 329 0010 0C000000 		.4byte	.LEFDE0-.LASFDE0
 330              	.LASFDE0:
 331 0014 00000000 		.4byte	.Lframe0
 332 0018 00000000 		.4byte	.LFB3
 333 001c 50000000 		.4byte	.LFE3-.LFB3
 334              		.align	2
 335              	.LEFDE0:
 336              	.LSFDE2:
 337 0020 0C000000 		.4byte	.LEFDE2-.LASFDE2
 338              	.LASFDE2:
 339 0024 00000000 		.4byte	.Lframe0
 340 0028 50000000 		.4byte	.LFB4
 341 002c 30000000 		.4byte	.LFE4-.LFB4
 342              		.align	2
 343              	.LEFDE2:
 344              	.LSFDE4:
 345 0030 0C000000 		.4byte	.LEFDE4-.LASFDE4
 346              	.LASFDE4:
 347 0034 00000000 		.4byte	.Lframe0
 348 0038 80000000 		.4byte	.LFB5
 349 003c 14000000 		.4byte	.LFE5-.LFB5
 350              		.align	2
 351              	.LEFDE4:
 352              	.LSFDE6:
 353 0040 0C000000 		.4byte	.LEFDE6-.LASFDE6
 354              	.LASFDE6:
 355 0044 00000000 		.4byte	.Lframe0
 356 0048 94000000 		.4byte	.LFB6
 357 004c 10000000 		.4byte	.LFE6-.LFB6
 358              		.align	2
 359              	.LEFDE6:
 360              	.LSFDE8:
 361 0050 0C000000 		.4byte	.LEFDE8-.LASFDE8
 362              	.LASFDE8:
 363 0054 00000000 		.4byte	.Lframe0
 364 0058 A4000000 		.4byte	.LFB7
 365 005c 1C000000 		.4byte	.LFE7-.LFB7
 366              		.align	2
 367              	.LEFDE8:
 368              	.LSFDE10:
 369 0060 0C000000 		.4byte	.LEFDE10-.LASFDE10
ARM GAS  /cygdrive/c/DOCUME~1/mkwapisz/LOCALS~1/Temp/cclsrc4d.s 			page 9


 370              	.LASFDE10:
 371 0064 00000000 		.4byte	.Lframe0
 372 0068 C0000000 		.4byte	.LFB8
 373 006c 4C000000 		.4byte	.LFE8-.LFB8
 374              		.align	2
 375              	.LEFDE10:
 376              	.LSFDE12:
 377 0070 14000000 		.4byte	.LEFDE12-.LASFDE12
 378              	.LASFDE12:
 379 0074 00000000 		.4byte	.Lframe0
 380 0078 0C010000 		.4byte	.LFB2
 381 007c 2C000000 		.4byte	.LFE2-.LFB2
 382 0080 42       		.byte	0x4
 383              		.4byte	.LCFI0-.LFB2
 384 0081 0E       		.byte	0xe
 385 0082 04       		.uleb128 0x4
 386 0083 8E       		.byte	0x8e
 387 0084 01       		.uleb128 0x1
 388 0085 000000   		.align	2
 389              	.LEFDE12:
 390              		.text
 391              	.Letext0:
 392              		.section	.debug_loc,"",%progbits
 393              	.Ldebug_loc0:
 394              	.LLST6:
 395 0000 0C010000 		.4byte	.LFB2-.Ltext0
 396 0004 0E010000 		.4byte	.LCFI0-.Ltext0
 397 0008 0100     		.2byte	0x1
 398 000a 5D       		.byte	0x5d
 399 000b 0E010000 		.4byte	.LCFI0-.Ltext0
 400 000f 38010000 		.4byte	.LFE2-.Ltext0
 401 0013 0200     		.2byte	0x2
 402 0015 7D       		.byte	0x7d
 403 0016 04       		.sleb128 4
 404 0017 00000000 		.4byte	0x0
 405 001b 00000000 		.4byte	0x0
 406              		.section	.debug_info
 407 0000 27010000 		.4byte	0x127
 408 0004 0200     		.2byte	0x2
 409 0006 00000000 		.4byte	.Ldebug_abbrev0
 410 000a 04       		.byte	0x4
 411 000b 01       		.uleb128 0x1
 412 000c 00000000 		.4byte	.Ldebug_line0
 413 0010 38010000 		.4byte	.Letext0
 414 0014 00000000 		.4byte	.Ltext0
 415 0018 56000000 		.4byte	.LASF10
 416 001c 01       		.byte	0x1
 417 001d 4E000000 		.4byte	.LASF11
 418 0021 1E000000 		.4byte	.LASF12
 419 0025 02       		.uleb128 0x2
 420 0026 01       		.byte	0x1
 421 0027 6D000000 		.4byte	.LASF0
 422 002b 01       		.byte	0x1
 423 002c 3A       		.byte	0x3a
 424 002d 01       		.byte	0x1
 425 002e 01       		.byte	0x1
 426 002f 02       		.uleb128 0x2
ARM GAS  /cygdrive/c/DOCUME~1/mkwapisz/LOCALS~1/Temp/cclsrc4d.s 			page 10


 427 0030 01       		.byte	0x1
 428 0031 8A000000 		.4byte	.LASF1
 429 0035 01       		.byte	0x1
 430 0036 40       		.byte	0x40
 431 0037 01       		.byte	0x1
 432 0038 01       		.byte	0x1
 433 0039 02       		.uleb128 0x2
 434 003a 01       		.byte	0x1
 435 003b 0D000000 		.4byte	.LASF2
 436 003f 01       		.byte	0x1
 437 0040 46       		.byte	0x46
 438 0041 01       		.byte	0x1
 439 0042 01       		.byte	0x1
 440 0043 03       		.uleb128 0x3
 441 0044 01       		.byte	0x1
 442 0045 7F000000 		.4byte	.LASF3
 443 0049 01       		.byte	0x1
 444 004a 21       		.byte	0x21
 445 004b 01       		.byte	0x1
 446 004c 00000000 		.4byte	.LFB3
 447 0050 50000000 		.4byte	.LFE3
 448 0054 01       		.byte	0x1
 449 0055 5D       		.byte	0x5d
 450 0056 04       		.uleb128 0x4
 451 0057 79000000 		.4byte	0x79
 452 005b 01       		.byte	0x1
 453 005c 18000000 		.4byte	.LASF4
 454 0060 01       		.byte	0x1
 455 0061 30       		.byte	0x30
 456 0062 01       		.byte	0x1
 457 0063 50000000 		.4byte	.LFB4
 458 0067 80000000 		.4byte	.LFE4
 459 006b 01       		.byte	0x1
 460 006c 5D       		.byte	0x5d
 461 006d 05       		.uleb128 0x5
 462 006e 00000000 		.4byte	.LASF7
 463 0072 01       		.byte	0x1
 464 0073 31       		.byte	0x31
 465 0074 79000000 		.4byte	0x79
 466 0078 00       		.byte	0x0
 467 0079 06       		.uleb128 0x6
 468 007a 76000000 		.4byte	.LASF9
 469 007e 04       		.byte	0x4
 470 007f 05       		.byte	0x5
 471 0080 07       		.uleb128 0x7
 472 0081 25000000 		.4byte	0x25
 473 0085 80000000 		.4byte	.LFB5
 474 0089 94000000 		.4byte	.LFE5
 475 008d 01       		.byte	0x1
 476 008e 5D       		.byte	0x5d
 477 008f 07       		.uleb128 0x7
 478 0090 2F000000 		.4byte	0x2f
 479 0094 94000000 		.4byte	.LFB6
 480 0098 A4000000 		.4byte	.LFE6
 481 009c 01       		.byte	0x1
 482 009d 5D       		.byte	0x5d
 483 009e 07       		.uleb128 0x7
ARM GAS  /cygdrive/c/DOCUME~1/mkwapisz/LOCALS~1/Temp/cclsrc4d.s 			page 11


 484 009f 39000000 		.4byte	0x39
 485 00a3 A4000000 		.4byte	.LFB7
 486 00a7 C0000000 		.4byte	.LFE7
 487 00ab 01       		.byte	0x1
 488 00ac 5D       		.byte	0x5d
 489 00ad 04       		.uleb128 0x4
 490 00ae 01010000 		.4byte	0x101
 491 00b2 01       		.byte	0x1
 492 00b3 62000000 		.4byte	.LASF5
 493 00b7 01       		.byte	0x1
 494 00b8 4C       		.byte	0x4c
 495 00b9 01       		.byte	0x1
 496 00ba C0000000 		.4byte	.LFB8
 497 00be 0C010000 		.4byte	.LFE8
 498 00c2 01       		.byte	0x1
 499 00c3 5D       		.byte	0x5d
 500 00c4 08       		.uleb128 0x8
 501 00c5 25000000 		.4byte	0x25
 502 00c9 C0000000 		.4byte	.LBB10
 503 00cd CC000000 		.4byte	.LBE10
 504 00d1 01       		.byte	0x1
 505 00d2 4D       		.byte	0x4d
 506 00d3 08       		.uleb128 0x8
 507 00d4 2F000000 		.4byte	0x2f
 508 00d8 CC000000 		.4byte	.LBB12
 509 00dc D6000000 		.4byte	.LBE12
 510 00e0 01       		.byte	0x1
 511 00e1 4E       		.byte	0x4e
 512 00e2 08       		.uleb128 0x8
 513 00e3 39000000 		.4byte	0x39
 514 00e7 D6000000 		.4byte	.LBB14
 515 00eb E8000000 		.4byte	.LBE14
 516 00ef 01       		.byte	0x1
 517 00f0 4F       		.byte	0x4f
 518 00f1 08       		.uleb128 0x8
 519 00f2 2F000000 		.4byte	0x2f
 520 00f6 E8000000 		.4byte	.LBB16
 521 00fa F2000000 		.4byte	.LBE16
 522 00fe 01       		.byte	0x1
 523 00ff 50       		.byte	0x50
 524 0100 00       		.byte	0x0
 525 0101 09       		.uleb128 0x9
 526 0102 01       		.byte	0x1
 527 0103 07000000 		.4byte	.LASF6
 528 0107 01       		.byte	0x1
 529 0108 15       		.byte	0x15
 530 0109 01       		.byte	0x1
 531 010a 0C010000 		.4byte	.LFB2
 532 010e 38010000 		.4byte	.LFE2
 533 0112 00000000 		.4byte	.LLST6
 534 0116 0A       		.uleb128 0xa
 535 0117 45000000 		.4byte	.LASF8
 536 011b 01       		.byte	0x1
 537 011c 12       		.byte	0x12
 538 011d 23010000 		.4byte	0x123
 539 0121 01       		.byte	0x1
 540 0122 01       		.byte	0x1
ARM GAS  /cygdrive/c/DOCUME~1/mkwapisz/LOCALS~1/Temp/cclsrc4d.s 			page 12


 541 0123 0B       		.uleb128 0xb
 542 0124 696E7400 		.ascii	"int\000"
 543 0128 04       		.byte	0x4
 544 0129 05       		.byte	0x5
 545 012a 00       		.byte	0x0
 546              		.section	.debug_abbrev
 547 0000 01       		.uleb128 0x1
 548 0001 11       		.uleb128 0x11
 549 0002 01       		.byte	0x1
 550 0003 10       		.uleb128 0x10
 551 0004 06       		.uleb128 0x6
 552 0005 12       		.uleb128 0x12
 553 0006 01       		.uleb128 0x1
 554 0007 11       		.uleb128 0x11
 555 0008 01       		.uleb128 0x1
 556 0009 25       		.uleb128 0x25
 557 000a 0E       		.uleb128 0xe
 558 000b 13       		.uleb128 0x13
 559 000c 0B       		.uleb128 0xb
 560 000d 03       		.uleb128 0x3
 561 000e 0E       		.uleb128 0xe
 562 000f 1B       		.uleb128 0x1b
 563 0010 0E       		.uleb128 0xe
 564 0011 00       		.byte	0x0
 565 0012 00       		.byte	0x0
 566 0013 02       		.uleb128 0x2
 567 0014 2E       		.uleb128 0x2e
 568 0015 00       		.byte	0x0
 569 0016 3F       		.uleb128 0x3f
 570 0017 0C       		.uleb128 0xc
 571 0018 03       		.uleb128 0x3
 572 0019 0E       		.uleb128 0xe
 573 001a 3A       		.uleb128 0x3a
 574 001b 0B       		.uleb128 0xb
 575 001c 3B       		.uleb128 0x3b
 576 001d 0B       		.uleb128 0xb
 577 001e 27       		.uleb128 0x27
 578 001f 0C       		.uleb128 0xc
 579 0020 20       		.uleb128 0x20
 580 0021 0B       		.uleb128 0xb
 581 0022 00       		.byte	0x0
 582 0023 00       		.byte	0x0
 583 0024 03       		.uleb128 0x3
 584 0025 2E       		.uleb128 0x2e
 585 0026 00       		.byte	0x0
 586 0027 3F       		.uleb128 0x3f
 587 0028 0C       		.uleb128 0xc
 588 0029 03       		.uleb128 0x3
 589 002a 0E       		.uleb128 0xe
 590 002b 3A       		.uleb128 0x3a
 591 002c 0B       		.uleb128 0xb
 592 002d 3B       		.uleb128 0x3b
 593 002e 0B       		.uleb128 0xb
 594 002f 27       		.uleb128 0x27
 595 0030 0C       		.uleb128 0xc
 596 0031 11       		.uleb128 0x11
 597 0032 01       		.uleb128 0x1
ARM GAS  /cygdrive/c/DOCUME~1/mkwapisz/LOCALS~1/Temp/cclsrc4d.s 			page 13


 598 0033 12       		.uleb128 0x12
 599 0034 01       		.uleb128 0x1
 600 0035 40       		.uleb128 0x40
 601 0036 0A       		.uleb128 0xa
 602 0037 00       		.byte	0x0
 603 0038 00       		.byte	0x0
 604 0039 04       		.uleb128 0x4
 605 003a 2E       		.uleb128 0x2e
 606 003b 01       		.byte	0x1
 607 003c 01       		.uleb128 0x1
 608 003d 13       		.uleb128 0x13
 609 003e 3F       		.uleb128 0x3f
 610 003f 0C       		.uleb128 0xc
 611 0040 03       		.uleb128 0x3
 612 0041 0E       		.uleb128 0xe
 613 0042 3A       		.uleb128 0x3a
 614 0043 0B       		.uleb128 0xb
 615 0044 3B       		.uleb128 0x3b
 616 0045 0B       		.uleb128 0xb
 617 0046 27       		.uleb128 0x27
 618 0047 0C       		.uleb128 0xc
 619 0048 11       		.uleb128 0x11
 620 0049 01       		.uleb128 0x1
 621 004a 12       		.uleb128 0x12
 622 004b 01       		.uleb128 0x1
 623 004c 40       		.uleb128 0x40
 624 004d 0A       		.uleb128 0xa
 625 004e 00       		.byte	0x0
 626 004f 00       		.byte	0x0
 627 0050 05       		.uleb128 0x5
 628 0051 34       		.uleb128 0x34
 629 0052 00       		.byte	0x0
 630 0053 03       		.uleb128 0x3
 631 0054 0E       		.uleb128 0xe
 632 0055 3A       		.uleb128 0x3a
 633 0056 0B       		.uleb128 0xb
 634 0057 3B       		.uleb128 0x3b
 635 0058 0B       		.uleb128 0xb
 636 0059 49       		.uleb128 0x49
 637 005a 13       		.uleb128 0x13
 638 005b 00       		.byte	0x0
 639 005c 00       		.byte	0x0
 640 005d 06       		.uleb128 0x6
 641 005e 24       		.uleb128 0x24
 642 005f 00       		.byte	0x0
 643 0060 03       		.uleb128 0x3
 644 0061 0E       		.uleb128 0xe
 645 0062 0B       		.uleb128 0xb
 646 0063 0B       		.uleb128 0xb
 647 0064 3E       		.uleb128 0x3e
 648 0065 0B       		.uleb128 0xb
 649 0066 00       		.byte	0x0
 650 0067 00       		.byte	0x0
 651 0068 07       		.uleb128 0x7
 652 0069 2E       		.uleb128 0x2e
 653 006a 00       		.byte	0x0
 654 006b 31       		.uleb128 0x31
ARM GAS  /cygdrive/c/DOCUME~1/mkwapisz/LOCALS~1/Temp/cclsrc4d.s 			page 14


 655 006c 13       		.uleb128 0x13
 656 006d 11       		.uleb128 0x11
 657 006e 01       		.uleb128 0x1
 658 006f 12       		.uleb128 0x12
 659 0070 01       		.uleb128 0x1
 660 0071 40       		.uleb128 0x40
 661 0072 0A       		.uleb128 0xa
 662 0073 00       		.byte	0x0
 663 0074 00       		.byte	0x0
 664 0075 08       		.uleb128 0x8
 665 0076 1D       		.uleb128 0x1d
 666 0077 00       		.byte	0x0
 667 0078 31       		.uleb128 0x31
 668 0079 13       		.uleb128 0x13
 669 007a 11       		.uleb128 0x11
 670 007b 01       		.uleb128 0x1
 671 007c 12       		.uleb128 0x12
 672 007d 01       		.uleb128 0x1
 673 007e 58       		.uleb128 0x58
 674 007f 0B       		.uleb128 0xb
 675 0080 59       		.uleb128 0x59
 676 0081 0B       		.uleb128 0xb
 677 0082 00       		.byte	0x0
 678 0083 00       		.byte	0x0
 679 0084 09       		.uleb128 0x9
 680 0085 2E       		.uleb128 0x2e
 681 0086 00       		.byte	0x0
 682 0087 3F       		.uleb128 0x3f
 683 0088 0C       		.uleb128 0xc
 684 0089 03       		.uleb128 0x3
 685 008a 0E       		.uleb128 0xe
 686 008b 3A       		.uleb128 0x3a
 687 008c 0B       		.uleb128 0xb
 688 008d 3B       		.uleb128 0x3b
 689 008e 0B       		.uleb128 0xb
 690 008f 27       		.uleb128 0x27
 691 0090 0C       		.uleb128 0xc
 692 0091 11       		.uleb128 0x11
 693 0092 01       		.uleb128 0x1
 694 0093 12       		.uleb128 0x12
 695 0094 01       		.uleb128 0x1
 696 0095 40       		.uleb128 0x40
 697 0096 06       		.uleb128 0x6
 698 0097 00       		.byte	0x0
 699 0098 00       		.byte	0x0
 700 0099 0A       		.uleb128 0xa
 701 009a 34       		.uleb128 0x34
 702 009b 00       		.byte	0x0
 703 009c 03       		.uleb128 0x3
 704 009d 0E       		.uleb128 0xe
 705 009e 3A       		.uleb128 0x3a
 706 009f 0B       		.uleb128 0xb
 707 00a0 3B       		.uleb128 0x3b
 708 00a1 0B       		.uleb128 0xb
 709 00a2 49       		.uleb128 0x49
 710 00a3 13       		.uleb128 0x13
 711 00a4 3F       		.uleb128 0x3f
ARM GAS  /cygdrive/c/DOCUME~1/mkwapisz/LOCALS~1/Temp/cclsrc4d.s 			page 15


 712 00a5 0C       		.uleb128 0xc
 713 00a6 3C       		.uleb128 0x3c
 714 00a7 0C       		.uleb128 0xc
 715 00a8 00       		.byte	0x0
 716 00a9 00       		.byte	0x0
 717 00aa 0B       		.uleb128 0xb
 718 00ab 24       		.uleb128 0x24
 719 00ac 00       		.byte	0x0
 720 00ad 03       		.uleb128 0x3
 721 00ae 08       		.uleb128 0x8
 722 00af 0B       		.uleb128 0xb
 723 00b0 0B       		.uleb128 0xb
 724 00b1 3E       		.uleb128 0x3e
 725 00b2 0B       		.uleb128 0xb
 726 00b3 00       		.byte	0x0
 727 00b4 00       		.byte	0x0
 728 00b5 00       		.byte	0x0
 729              		.section	.debug_pubnames,"",%progbits
 730 0000 68000000 		.4byte	0x68
 731 0004 0200     		.2byte	0x2
 732 0006 00000000 		.4byte	.Ldebug_info0
 733 000a 2B010000 		.4byte	0x12b
 734 000e 43000000 		.4byte	0x43
 735 0012 696E6974 		.ascii	"initTimer1\000"
 735      54696D65 
 735      723100
 736 001d 56000000 		.4byte	0x56
 737 0021 54314953 		.ascii	"T1ISR\000"
 737      5200
 738 0027 80000000 		.4byte	0x80
 739 002b 73657475 		.ascii	"setupPLL\000"
 739      70504C4C 
 739      00
 740 0034 8F000000 		.4byte	0x8f
 741 0038 66656564 		.ascii	"feedSeq\000"
 741      53657100 
 742 0040 9E000000 		.4byte	0x9e
 743 0044 636F6E6E 		.ascii	"connectPLL\000"
 743      65637450 
 743      4C4C00
 744 004f AD000000 		.4byte	0xad
 745 0053 696E6974 		.ascii	"initClocks\000"
 745      436C6F63 
 745      6B7300
 746 005e 01010000 		.4byte	0x101
 747 0062 74696D65 		.ascii	"timer\000"
 747      7200
 748 0068 00000000 		.4byte	0x0
 749              		.section	.debug_aranges,"",%progbits
 750 0000 1C000000 		.4byte	0x1c
 751 0004 0200     		.2byte	0x2
 752 0006 00000000 		.4byte	.Ldebug_info0
 753 000a 04       		.byte	0x4
 754 000b 00       		.byte	0x0
 755 000c 0000     		.2byte	0x0
 756 000e 0000     		.2byte	0x0
 757 0010 00000000 		.4byte	.Ltext0
ARM GAS  /cygdrive/c/DOCUME~1/mkwapisz/LOCALS~1/Temp/cclsrc4d.s 			page 16


 758 0014 38010000 		.4byte	.Letext0-.Ltext0
 759 0018 00000000 		.4byte	0x0
 760 001c 00000000 		.4byte	0x0
 761              		.section	.debug_str,"MS",%progbits,1
 762              	.LASF7:
 763 0000 72656756 		.ascii	"regVal\000"
 763      616C00
 764              	.LASF6:
 765 0007 74696D65 		.ascii	"timer\000"
 765      7200
 766              	.LASF2:
 767 000d 636F6E6E 		.ascii	"connectPLL\000"
 767      65637450 
 767      4C4C00
 768              	.LASF4:
 769 0018 54314953 		.ascii	"T1ISR\000"
 769      5200
 770              	.LASF12:
 771 001e 2F637967 		.ascii	"/cygdrive/c/Embedded/eclipse/Demo/2138\000"
 771      64726976 
 771      652F632F 
 771      456D6265 
 771      64646564 
 772              	.LASF8:
 773 0045 74696D65 		.ascii	"timerCnt\000"
 773      72436E74 
 773      00
 774              	.LASF11:
 775 004e 74696D65 		.ascii	"timer.c\000"
 775      722E6300 
 776              	.LASF10:
 777 0056 474E5520 		.ascii	"GNU C 4.1.1\000"
 777      4320342E 
 777      312E3100 
 778              	.LASF5:
 779 0062 696E6974 		.ascii	"initClocks\000"
 779      436C6F63 
 779      6B7300
 780              	.LASF0:
 781 006d 73657475 		.ascii	"setupPLL\000"
 781      70504C4C 
 781      00
 782              	.LASF9:
 783 0076 6C6F6E67 		.ascii	"long int\000"
 783      20696E74 
 783      00
 784              	.LASF3:
 785 007f 696E6974 		.ascii	"initTimer1\000"
 785      54696D65 
 785      723100
 786              	.LASF1:
 787 008a 66656564 		.ascii	"feedSeq\000"
 787      53657100 
 788              		.ident	"GCC: (GNU) 4.1.1"
ARM GAS  /cygdrive/c/DOCUME~1/mkwapisz/LOCALS~1/Temp/cclsrc4d.s 			page 17


DEFINED SYMBOLS
                            *ABS*:00000000 timer.c
/cygdrive/c/DOCUME~1/mkwapisz/LOCALS~1/Temp/cclsrc4d.s:1      .text:00000000 $t
/cygdrive/c/DOCUME~1/mkwapisz/LOCALS~1/Temp/cclsrc4d.s:16     .text:00000000 initTimer1
/cygdrive/c/DOCUME~1/mkwapisz/LOCALS~1/Temp/cclsrc4d.s:60     .text:00000030 $d
/cygdrive/c/DOCUME~1/mkwapisz/LOCALS~1/Temp/cclsrc4d.s:75     .text:00000050 T1ISR
/cygdrive/c/DOCUME~1/mkwapisz/LOCALS~1/Temp/cclsrc4d.s:72     .text:00000050 $t
/cygdrive/c/DOCUME~1/mkwapisz/LOCALS~1/Temp/cclsrc4d.s:108    .text:00000070 $d
/cygdrive/c/DOCUME~1/mkwapisz/LOCALS~1/Temp/cclsrc4d.s:119    .text:00000080 setupPLL
/cygdrive/c/DOCUME~1/mkwapisz/LOCALS~1/Temp/cclsrc4d.s:116    .text:00000080 $t
/cygdrive/c/DOCUME~1/mkwapisz/LOCALS~1/Temp/cclsrc4d.s:139    .text:00000090 $d
/cygdrive/c/DOCUME~1/mkwapisz/LOCALS~1/Temp/cclsrc4d.s:147    .text:00000094 feedSeq
/cygdrive/c/DOCUME~1/mkwapisz/LOCALS~1/Temp/cclsrc4d.s:144    .text:00000094 $t
/cygdrive/c/DOCUME~1/mkwapisz/LOCALS~1/Temp/cclsrc4d.s:166    .text:000000a0 $d
/cygdrive/c/DOCUME~1/mkwapisz/LOCALS~1/Temp/cclsrc4d.s:174    .text:000000a4 connectPLL
/cygdrive/c/DOCUME~1/mkwapisz/LOCALS~1/Temp/cclsrc4d.s:171    .text:000000a4 $t
/cygdrive/c/DOCUME~1/mkwapisz/LOCALS~1/Temp/cclsrc4d.s:196    .text:000000b8 $d
/cygdrive/c/DOCUME~1/mkwapisz/LOCALS~1/Temp/cclsrc4d.s:205    .text:000000c0 initClocks
/cygdrive/c/DOCUME~1/mkwapisz/LOCALS~1/Temp/cclsrc4d.s:202    .text:000000c0 $t
/cygdrive/c/DOCUME~1/mkwapisz/LOCALS~1/Temp/cclsrc4d.s:270    .text:000000fc $d
/cygdrive/c/DOCUME~1/mkwapisz/LOCALS~1/Temp/cclsrc4d.s:281    .text:0000010c timer
/cygdrive/c/DOCUME~1/mkwapisz/LOCALS~1/Temp/cclsrc4d.s:278    .text:0000010c $t
/cygdrive/c/DOCUME~1/mkwapisz/LOCALS~1/Temp/cclsrc4d.s:308    .text:0000012c $d

UNDEFINED SYMBOLS
timerCnt
